{"C:\\Users\\artus\\projects\\voft\\voft\\src\\index.ts": {"path":"C:\\Users\\artus\\projects\\voft\\voft\\src\\index.ts","statementMap":{"0":{"start":{"line":1,"column":0},"end":{"line":1,"column":9}},"1":{"start":{"line":5,"column":9},"end":{"line":1,"column":36}},"2":{"start":{"line":2,"column":0},"end":{"line":2,"column":9}},"3":{"start":{"line":5,"column":14},"end":{"line":2,"column":42}},"4":{"start":{"line":3,"column":0},"end":{"line":3,"column":9}},"5":{"start":{"line":5,"column":22},"end":{"line":3,"column":46}}},"fnMap":{"0":{"name":"(anonymous_0)","decl":{"start":{"line":5,"column":9},"end":{"line":5,"column":12}},"loc":{"start":{"line":5,"column":9},"end":{"line":1,"column":36}}},"1":{"name":"(anonymous_1)","decl":{"start":{"line":5,"column":14},"end":{"line":5,"column":20}},"loc":{"start":{"line":5,"column":14},"end":{"line":2,"column":42}}},"2":{"name":"(anonymous_2)","decl":{"start":{"line":5,"column":22},"end":{"line":5,"column":30}},"loc":{"start":{"line":5,"column":22},"end":{"line":3,"column":46}}}},"branchMap":{},"s":{"0":0,"1":0,"2":0,"3":0,"4":0,"5":0},"f":{"0":0,"1":0,"2":0},"b":{}}
,"C:\\Users\\artus\\projects\\voft\\voft\\src\\constants\\http-codes.ts": {"path":"C:\\Users\\artus\\projects\\voft\\voft\\src\\constants\\http-codes.ts","statementMap":{"0":{"start":{"line":1,"column":13},"end":{"line":91,"column":2}}},"fnMap":{},"branchMap":{},"s":{"0":0},"f":{},"b":{}}
,"C:\\Users\\artus\\projects\\voft\\voft\\src\\control\\async-try.ts": {"path":"C:\\Users\\artus\\projects\\voft\\voft\\src\\control\\async-try.ts","statementMap":{"0":{"start":{"line":6,"column":0},"end":{"line":6,"column":13}},"1":{"start":{"line":10,"column":21},"end":{"line":10,"column":47}},"2":{"start":{"line":11,"column":12},"end":{"line":11,"column":25}},"3":{"start":{"line":14,"column":2},"end":{"line":23,"column":null}},"4":{"start":{"line":17,"column":4},"end":{"line":22,"column":null}},"5":{"start":{"line":18,"column":6},"end":{"line":18,"column":58}},"6":{"start":{"line":20,"column":32},"end":{"line":20,"column":61}},"7":{"start":{"line":21,"column":6},"end":{"line":21,"column":50}},"8":{"start":{"line":21,"column":31},"end":{"line":21,"column":49}},"9":{"start":{"line":25,"column":8},"end":{"line":42,"column":null}},"10":{"start":{"line":26,"column":4},"end":{"line":28,"column":null}},"11":{"start":{"line":27,"column":6},"end":{"line":27,"column":36}},"12":{"start":{"line":30,"column":8},"end":{"line":30,"column":12}},"13":{"start":{"line":31,"column":6},"end":{"line":31,"column":35}},"14":{"start":{"line":34,"column":23},"end":{"line":34,"column":null}},"15":{"start":{"line":34,"column":14},"end":{"line":34,"column":null}},"16":{"start":{"line":35,"column":8},"end":{"line":35,"column":29}},"17":{"start":{"line":36,"column":8},"end":{"line":36,"column":32}},"18":{"start":{"line":38,"column":8},"end":{"line":38,"column":36}},"19":{"start":{"line":39,"column":8},"end":{"line":39,"column":38}},"20":{"start":{"line":44,"column":8},"end":{"line":47,"column":null}},"21":{"start":{"line":45,"column":22},"end":{"line":45,"column":null}},"22":{"start":{"line":45,"column":10},"end":{"line":45,"column":null}},"23":{"start":{"line":46,"column":4},"end":{"line":46,"column":22}},"24":{"start":{"line":49,"column":8},"end":{"line":55,"column":null}},"25":{"start":{"line":50,"column":8},"end":{"line":50,"column":32}},"26":{"start":{"line":50,"column":4},"end":{"line":54,"column":null}},"27":{"start":{"line":51,"column":6},"end":{"line":51,"column":26}},"28":{"start":{"line":53,"column":6},"end":{"line":53,"column":23}},"29":{"start":{"line":57,"column":8},"end":{"line":69,"column":null}},"30":{"start":{"line":60,"column":8},"end":{"line":60,"column":12}},"31":{"start":{"line":61,"column":6},"end":{"line":61,"column":45}},"32":{"start":{"line":64,"column":15},"end":{"line":64,"column":32}},"33":{"start":{"line":64,"column":8},"end":{"line":64,"column":32}},"34":{"start":{"line":66,"column":8},"end":{"line":66,"column":51}},"35":{"start":{"line":71,"column":8},"end":{"line":79,"column":null}},"36":{"start":{"line":72,"column":4},"end":{"line":72,"column":null}},"37":{"start":{"line":72,"column":45},"end":{"line":72,"column":null}},"38":{"start":{"line":74,"column":8},"end":{"line":74,"column":32}},"39":{"start":{"line":74,"column":4},"end":{"line":78,"column":null}},"40":{"start":{"line":75,"column":6},"end":{"line":75,"column":26}},"41":{"start":{"line":77,"column":6},"end":{"line":77,"column":39}},"42":{"start":{"line":81,"column":8},"end":{"line":87,"column":null}},"43":{"start":{"line":82,"column":8},"end":{"line":82,"column":32}},"44":{"start":{"line":82,"column":4},"end":{"line":86,"column":null}},"45":{"start":{"line":83,"column":6},"end":{"line":83,"column":68}},"46":{"start":{"line":85,"column":6},"end":{"line":85,"column":25}},"47":{"start":{"line":89,"column":2},"end":{"line":106,"column":null}},"48":{"start":{"line":89,"column":2},"end":{"line":89,"column":9}},"49":{"start":{"line":90,"column":4},"end":{"line":95,"column":null}},"50":{"start":{"line":91,"column":32},"end":{"line":92,"column":null}},"51":{"start":{"line":92,"column":14},"end":{"line":92,"column":null}},"52":{"start":{"line":94,"column":6},"end":{"line":94,"column":45}},"53":{"start":{"line":97,"column":4},"end":{"line":105,"column":null}},"54":{"start":{"line":98,"column":6},"end":{"line":98,"column":18}},"55":{"start":{"line":100,"column":29},"end":{"line":100,"column":40}},"56":{"start":{"line":101,"column":32},"end":{"line":103,"column":35}},"57":{"start":{"line":103,"column":20},"end":{"line":103,"column":35}},"58":{"start":{"line":104,"column":6},"end":{"line":104,"column":45}},"59":{"start":{"line":108,"column":9},"end":{"line":110,"column":null}},"60":{"start":{"line":109,"column":4},"end":{"line":109,"column":53}},"61":{"start":{"line":112,"column":9},"end":{"line":114,"column":null}},"62":{"start":{"line":113,"column":4},"end":{"line":113,"column":60}},"63":{"start":{"line":116,"column":9},"end":{"line":118,"column":null}},"64":{"start":{"line":117,"column":4},"end":{"line":117,"column":47}},"65":{"start":{"line":119,"column":0},"end":{"line":119,"column":null}},"66":{"start":{"line":6,"column":13},"end":{"line":6,"column":21}}},"fnMap":{"0":{"name":"(anonymous_0)","decl":{"start":{"line":6,"column":0},"end":{"line":6,"column":13}},"loc":{"start":{"line":6,"column":0},"end":{"line":119,"column":null}}},"1":{"name":"AsyncTry","decl":{"start":{"line":9,"column":2},"end":{"line":9,"column":null}},"loc":{"start":{"line":11,"column":25},"end":{"line":12,"column":6}}},"2":{"name":"(anonymous_2)","decl":{"start":{"line":14,"column":2},"end":{"line":14,"column":5}},"loc":{"start":{"line":15,"column":54},"end":{"line":23,"column":3}}},"3":{"name":"(anonymous_3)","decl":{"start":{"line":21,"column":25},"end":{"line":21,"column":31}},"loc":{"start":{"line":21,"column":25},"end":{"line":21,"column":48}}},"4":{"name":"(anonymous_4)","decl":{"start":{"line":25,"column":2},"end":{"line":25,"column":8}},"loc":{"start":{"line":25,"column":2},"end":{"line":42,"column":null}}},"5":{"name":"(anonymous_7)","decl":{"start":{"line":44,"column":2},"end":{"line":44,"column":8}},"loc":{"start":{"line":44,"column":2},"end":{"line":47,"column":null}}},"6":{"name":"(anonymous_10)","decl":{"start":{"line":49,"column":2},"end":{"line":49,"column":8}},"loc":{"start":{"line":49,"column":2},"end":{"line":55,"column":null}}},"7":{"name":"(anonymous_13)","decl":{"start":{"line":57,"column":2},"end":{"line":57,"column":8}},"loc":{"start":{"line":58,"column":61},"end":{"line":69,"column":null}}},"8":{"name":"(anonymous_16)","decl":{"start":{"line":71,"column":2},"end":{"line":71,"column":8}},"loc":{"start":{"line":72,"column":50},"end":{"line":79,"column":null}}},"9":{"name":"(anonymous_17)","decl":{"start":{"line":72,"column":4},"end":{"line":72,"column":21}},"loc":{"start":{"line":72,"column":33},"end":{"line":72,"column":50}}},"10":{"name":"(anonymous_20)","decl":{"start":{"line":81,"column":2},"end":{"line":81,"column":8}},"loc":{"start":{"line":81,"column":2},"end":{"line":87,"column":null}}},"11":{"name":"(anonymous_23)","decl":{"start":{"line":89,"column":2},"end":{"line":89,"column":9}},"loc":{"start":{"line":89,"column":54},"end":{"line":106,"column":3}}},"12":{"name":"(anonymous_24)","decl":{"start":{"line":92,"column":8},"end":{"line":92,"column":14}},"loc":{"start":{"line":92,"column":8},"end":{"line":92,"column":18}}},"13":{"name":"(anonymous_25)","decl":{"start":{"line":103,"column":14},"end":{"line":103,"column":20}},"loc":{"start":{"line":103,"column":14},"end":{"line":103,"column":34}}},"14":{"name":"(anonymous_26)","decl":{"start":{"line":108,"column":2},"end":{"line":108,"column":9}},"loc":{"start":{"line":108,"column":40},"end":{"line":110,"column":3}}},"15":{"name":"(anonymous_27)","decl":{"start":{"line":112,"column":2},"end":{"line":112,"column":9}},"loc":{"start":{"line":112,"column":45},"end":{"line":114,"column":3}}},"16":{"name":"(anonymous_28)","decl":{"start":{"line":116,"column":2},"end":{"line":116,"column":9}},"loc":{"start":{"line":116,"column":52},"end":{"line":118,"column":3}}}},"branchMap":{"0":{"loc":{"start":{"line":17,"column":4},"end":{"line":22,"column":null}},"type":"if","locations":[{"start":{"line":17,"column":4},"end":{"line":22,"column":null}},{"start":{"line":19,"column":11},"end":{"line":22,"column":null}}]},"1":{"loc":{"start":{"line":26,"column":4},"end":{"line":28,"column":null}},"type":"if","locations":[{"start":{"line":26,"column":4},"end":{"line":28,"column":null}}]},"2":{"loc":{"start":{"line":30,"column":8},"end":{"line":30,"column":12}},"type":"if","locations":[{"start":{"line":30,"column":8},"end":{"line":30,"column":12}}]},"3":{"loc":{"start":{"line":30,"column":8},"end":{"line":30,"column":33}},"type":"binary-expr","locations":[{"start":{"line":30,"column":8},"end":{"line":30,"column":18}},{"start":{"line":30,"column":22},"end":{"line":30,"column":33}}]},"4":{"loc":{"start":{"line":45,"column":22},"end":{"line":45,"column":null}},"type":"switch","locations":[{"start":{"line":45,"column":22},"end":{"line":45,"column":null}}]},"5":{"loc":{"start":{"line":50,"column":8},"end":{"line":50,"column":32}},"type":"switch","locations":[{"start":{"line":50,"column":8},"end":{"line":50,"column":32}}]},"6":{"loc":{"start":{"line":50,"column":4},"end":{"line":54,"column":null}},"type":"if","locations":[{"start":{"line":50,"column":4},"end":{"line":54,"column":null}},{"start":{"line":52,"column":11},"end":{"line":54,"column":null}}]},"7":{"loc":{"start":{"line":64,"column":8},"end":{"line":64,"column":32}},"type":"switch","locations":[{"start":{"line":64,"column":8},"end":{"line":64,"column":32}}]},"8":{"loc":{"start":{"line":60,"column":8},"end":{"line":60,"column":12}},"type":"if","locations":[{"start":{"line":60,"column":8},"end":{"line":60,"column":12}}]},"9":{"loc":{"start":{"line":72,"column":4},"end":{"line":72,"column":null}},"type":"if","locations":[{"start":{"line":72,"column":4},"end":{"line":72,"column":null}}]},"10":{"loc":{"start":{"line":74,"column":8},"end":{"line":74,"column":32}},"type":"switch","locations":[{"start":{"line":74,"column":8},"end":{"line":74,"column":32}}]},"11":{"loc":{"start":{"line":74,"column":4},"end":{"line":78,"column":null}},"type":"if","locations":[{"start":{"line":74,"column":4},"end":{"line":78,"column":null}},{"start":{"line":76,"column":11},"end":{"line":78,"column":null}}]},"12":{"loc":{"start":{"line":82,"column":8},"end":{"line":82,"column":32}},"type":"switch","locations":[{"start":{"line":82,"column":8},"end":{"line":82,"column":32}}]},"13":{"loc":{"start":{"line":82,"column":4},"end":{"line":86,"column":null}},"type":"if","locations":[{"start":{"line":82,"column":4},"end":{"line":86,"column":null}},{"start":{"line":84,"column":11},"end":{"line":86,"column":null}}]},"14":{"loc":{"start":{"line":90,"column":4},"end":{"line":95,"column":null}},"type":"if","locations":[{"start":{"line":90,"column":4},"end":{"line":95,"column":null}}]},"15":{"loc":{"start":{"line":97,"column":4},"end":{"line":105,"column":null}},"type":"if","locations":[{"start":{"line":97,"column":4},"end":{"line":105,"column":null}},{"start":{"line":99,"column":11},"end":{"line":105,"column":null}}]}},"s":{"0":1,"1":60,"2":60,"3":1,"4":20,"5":1,"6":19,"7":19,"8":19,"9":1,"10":62,"11":7,"12":86,"13":24,"14":31,"15":31,"16":16,"17":16,"18":15,"19":15,"20":1,"21":8,"22":8,"23":8,"24":1,"25":16,"26":16,"27":11,"28":5,"29":1,"30":6,"31":2,"32":2,"33":2,"34":1,"35":1,"36":5,"37":1,"38":3,"39":3,"40":1,"41":2,"42":1,"43":5,"44":5,"45":1,"46":4,"47":1,"48":12,"49":12,"50":1,"51":1,"52":1,"53":11,"54":1,"55":10,"56":10,"57":7,"58":10,"59":1,"60":2,"61":1,"62":1,"63":1,"64":46,"65":1,"66":1},"f":{"0":1,"1":60,"2":20,"3":19,"4":62,"5":8,"6":16,"7":4,"8":3,"9":1,"10":5,"11":12,"12":1,"13":7,"14":2,"15":1,"16":46},"b":{"0":[1,19],"1":[7],"2":[31],"3":[55,55],"4":[8],"5":[16],"6":[11,5],"7":[2],"8":[2],"9":[2],"10":[3],"11":[1,2],"12":[5],"13":[1,4],"14":[1],"15":[1,10]}}
,"C:\\Users\\artus\\projects\\voft\\voft\\src\\control\\either.ts": {"path":"C:\\Users\\artus\\projects\\voft\\voft\\src\\control\\either.ts","statementMap":{"0":{"start":{"line":1,"column":0},"end":{"line":1,"column":null}},"1":{"start":{"line":2,"column":2},"end":{"line":2,"column":null}},"2":{"start":{"line":3,"column":2},"end":{"line":3,"column":null}},"3":{"start":{"line":4,"column":2},"end":{"line":4,"column":null}},"4":{"start":{"line":7,"column":0},"end":{"line":7,"column":13}},"5":{"start":{"line":9,"column":21},"end":{"line":9,"column":null}},"6":{"start":{"line":9,"column":21},"end":{"line":9,"column":46}},"7":{"start":{"line":10,"column":21},"end":{"line":10,"column":33}},"8":{"start":{"line":11,"column":21},"end":{"line":11,"column":35}},"9":{"start":{"line":13,"column":4},"end":{"line":17,"column":null}},"10":{"start":{"line":14,"column":6},"end":{"line":16,"column":8}},"11":{"start":{"line":18,"column":4},"end":{"line":22,"column":null}},"12":{"start":{"line":19,"column":6},"end":{"line":21,"column":8}},"13":{"start":{"line":25,"column":2},"end":{"line":27,"column":null}},"14":{"start":{"line":26,"column":4},"end":{"line":26,"column":56}},"15":{"start":{"line":29,"column":2},"end":{"line":31,"column":null}},"16":{"start":{"line":30,"column":4},"end":{"line":30,"column":56}},"17":{"start":{"line":33,"column":2},"end":{"line":35,"column":null}},"18":{"start":{"line":34,"column":4},"end":{"line":34,"column":47}},"19":{"start":{"line":37,"column":2},"end":{"line":39,"column":null}},"20":{"start":{"line":38,"column":4},"end":{"line":38,"column":48}},"21":{"start":{"line":41,"column":2},"end":{"line":47,"column":null}},"22":{"start":{"line":42,"column":4},"end":{"line":46,"column":null}},"23":{"start":{"line":43,"column":6},"end":{"line":43,"column":25}},"24":{"start":{"line":45,"column":6},"end":{"line":45,"column":58}},"25":{"start":{"line":49,"column":2},"end":{"line":55,"column":null}},"26":{"start":{"line":50,"column":4},"end":{"line":54,"column":null}},"27":{"start":{"line":51,"column":6},"end":{"line":51,"column":26}},"28":{"start":{"line":53,"column":6},"end":{"line":53,"column":58}},"29":{"start":{"line":57,"column":2},"end":{"line":65,"column":null}},"30":{"start":{"line":59,"column":6},"end":{"line":63,"column":25}},"31":{"start":{"line":64,"column":4},"end":{"line":64,"column":59}},"32":{"start":{"line":67,"column":9},"end":{"line":69,"column":null}},"33":{"start":{"line":68,"column":4},"end":{"line":68,"column":58}},"34":{"start":{"line":71,"column":9},"end":{"line":73,"column":null}},"35":{"start":{"line":72,"column":4},"end":{"line":72,"column":79}},"36":{"start":{"line":74,"column":0},"end":{"line":74,"column":null}},"37":{"start":{"line":7,"column":13},"end":{"line":7,"column":19}},"38":{"start":{"line":76,"column":0},"end":{"line":76,"column":null}},"39":{"start":{"line":78,"column":21},"end":{"line":78,"column":46}},"40":{"start":{"line":79,"column":21},"end":{"line":79,"column":56}},"41":{"start":{"line":82,"column":2},"end":{"line":93,"column":null}},"42":{"start":{"line":87,"column":4},"end":{"line":91,"column":null}},"43":{"start":{"line":88,"column":6},"end":{"line":90,"column":8}},"44":{"start":{"line":92,"column":4},"end":{"line":92,"column":16}},"45":{"start":{"line":95,"column":2},"end":{"line":101,"column":null}},"46":{"start":{"line":96,"column":4},"end":{"line":98,"column":null}},"47":{"start":{"line":97,"column":6},"end":{"line":97,"column":71}},"48":{"start":{"line":100,"column":4},"end":{"line":100,"column":28}},"49":{"start":{"line":103,"column":2},"end":{"line":111,"column":null}},"50":{"start":{"line":106,"column":4},"end":{"line":108,"column":null}},"51":{"start":{"line":107,"column":6},"end":{"line":107,"column":46}},"52":{"start":{"line":110,"column":4},"end":{"line":110,"column":28}},"53":{"start":{"line":112,"column":0},"end":{"line":112,"column":null}}},"fnMap":{"0":{"name":"(anonymous_0)","decl":{"start":{"line":1,"column":0},"end":{"line":1,"column":5}},"loc":{"start":{"line":1,"column":15},"end":{"line":5,"column":1}}},"1":{"name":"(anonymous_1)","decl":{"start":{"line":7,"column":0},"end":{"line":7,"column":13}},"loc":{"start":{"line":7,"column":0},"end":{"line":74,"column":null}}},"2":{"name":"Either","decl":{"start":{"line":8,"column":2},"end":{"line":8,"column":null}},"loc":{"start":{"line":11,"column":35},"end":{"line":23,"column":3}}},"3":{"name":"(anonymous_3)","decl":{"start":{"line":25,"column":2},"end":{"line":25,"column":7}},"loc":{"start":{"line":25,"column":2},"end":{"line":27,"column":3}}},"4":{"name":"(anonymous_4)","decl":{"start":{"line":29,"column":2},"end":{"line":29,"column":6}},"loc":{"start":{"line":29,"column":2},"end":{"line":31,"column":3}}},"5":{"name":"(anonymous_5)","decl":{"start":{"line":33,"column":2},"end":{"line":33,"column":8}},"loc":{"start":{"line":33,"column":2},"end":{"line":35,"column":3}}},"6":{"name":"(anonymous_6)","decl":{"start":{"line":37,"column":2},"end":{"line":37,"column":9}},"loc":{"start":{"line":37,"column":2},"end":{"line":39,"column":3}}},"7":{"name":"(anonymous_7)","decl":{"start":{"line":41,"column":2},"end":{"line":41,"column":9}},"loc":{"start":{"line":41,"column":2},"end":{"line":47,"column":3}}},"8":{"name":"(anonymous_8)","decl":{"start":{"line":49,"column":2},"end":{"line":49,"column":10}},"loc":{"start":{"line":49,"column":2},"end":{"line":55,"column":3}}},"9":{"name":"(anonymous_9)","decl":{"start":{"line":57,"column":2},"end":{"line":57,"column":6}},"loc":{"start":{"line":57,"column":2},"end":{"line":65,"column":3}}},"10":{"name":"(anonymous_10)","decl":{"start":{"line":67,"column":2},"end":{"line":67,"column":9}},"loc":{"start":{"line":67,"column":37},"end":{"line":69,"column":3}}},"11":{"name":"(anonymous_11)","decl":{"start":{"line":71,"column":2},"end":{"line":71,"column":9}},"loc":{"start":{"line":71,"column":40},"end":{"line":73,"column":3}}},"12":{"name":"(anonymous_12)","decl":{"start":{"line":76,"column":0},"end":{"line":76,"column":null}},"loc":{"start":{"line":76,"column":0},"end":{"line":112,"column":null}}},"13":{"name":"ProjectedEither","decl":{"start":{"line":77,"column":2},"end":{"line":77,"column":null}},"loc":{"start":{"line":79,"column":56},"end":{"line":80,"column":6}}},"14":{"name":"(anonymous_14)","decl":{"start":{"line":82,"column":2},"end":{"line":82,"column":5}},"loc":{"start":{"line":83,"column":53},"end":{"line":93,"column":3}}},"15":{"name":"(anonymous_15)","decl":{"start":{"line":95,"column":2},"end":{"line":95,"column":5}},"loc":{"start":{"line":95,"column":2},"end":{"line":101,"column":3}}},"16":{"name":"(anonymous_16)","decl":{"start":{"line":103,"column":2},"end":{"line":103,"column":11}},"loc":{"start":{"line":104,"column":63},"end":{"line":111,"column":3}}}},"branchMap":{"0":{"loc":{"start":{"line":1,"column":5},"end":{"line":1,"column":null}},"type":"binary-expr","locations":[{"start":{"line":1,"column":5},"end":{"line":1,"column":15}},{"start":{"line":1,"column":5},"end":{"line":1,"column":null}}]},"1":{"loc":{"start":{"line":9,"column":21},"end":{"line":9,"column":null}},"type":"if","locations":[{"start":{"line":9,"column":21},"end":{"line":9,"column":null}}]},"2":{"loc":{"start":{"line":13,"column":4},"end":{"line":17,"column":null}},"type":"if","locations":[{"start":{"line":13,"column":4},"end":{"line":17,"column":null}}]},"3":{"loc":{"start":{"line":13,"column":8},"end":{"line":13,"column":23}},"type":"binary-expr","locations":[{"start":{"line":13,"column":8},"end":{"line":13,"column":13}},{"start":{"line":13,"column":17},"end":{"line":13,"column":23}}]},"4":{"loc":{"start":{"line":18,"column":4},"end":{"line":22,"column":null}},"type":"if","locations":[{"start":{"line":18,"column":4},"end":{"line":22,"column":null}}]},"5":{"loc":{"start":{"line":18,"column":8},"end":{"line":18,"column":25}},"type":"binary-expr","locations":[{"start":{"line":18,"column":8},"end":{"line":18,"column":14}},{"start":{"line":18,"column":18},"end":{"line":18,"column":25}}]},"6":{"loc":{"start":{"line":42,"column":4},"end":{"line":46,"column":null}},"type":"if","locations":[{"start":{"line":42,"column":4},"end":{"line":46,"column":null}},{"start":{"line":44,"column":11},"end":{"line":46,"column":null}}]},"7":{"loc":{"start":{"line":50,"column":4},"end":{"line":54,"column":null}},"type":"if","locations":[{"start":{"line":50,"column":4},"end":{"line":54,"column":null}},{"start":{"line":52,"column":11},"end":{"line":54,"column":null}}]},"8":{"loc":{"start":{"line":59,"column":6},"end":{"line":63,"column":25}},"type":"cond-expr","locations":[{"start":{"line":60,"column":10},"end":{"line":60,"column":25}},{"start":{"line":61,"column":10},"end":{"line":63,"column":25}}]},"9":{"loc":{"start":{"line":61,"column":10},"end":{"line":63,"column":25}},"type":"cond-expr","locations":[{"start":{"line":62,"column":10},"end":{"line":62,"column":26}},{"start":{"line":63,"column":10},"end":{"line":63,"column":25}}]},"10":{"loc":{"start":{"line":87,"column":4},"end":{"line":91,"column":null}},"type":"if","locations":[{"start":{"line":87,"column":4},"end":{"line":91,"column":null}}]},"11":{"loc":{"start":{"line":96,"column":4},"end":{"line":98,"column":null}},"type":"if","locations":[{"start":{"line":96,"column":4},"end":{"line":98,"column":null}}]},"12":{"loc":{"start":{"line":106,"column":4},"end":{"line":108,"column":null}},"type":"if","locations":[{"start":{"line":106,"column":4},"end":{"line":108,"column":null}}]}},"s":{"0":0,"1":0,"2":0,"3":0,"4":0,"5":0,"6":0,"7":0,"8":0,"9":0,"10":0,"11":0,"12":0,"13":0,"14":0,"15":0,"16":0,"17":0,"18":0,"19":0,"20":0,"21":0,"22":0,"23":0,"24":0,"25":0,"26":0,"27":0,"28":0,"29":0,"30":0,"31":0,"32":0,"33":0,"34":0,"35":0,"36":0,"37":0,"38":0,"39":0,"40":0,"41":0,"42":0,"43":0,"44":0,"45":0,"46":0,"47":0,"48":0,"49":0,"50":0,"51":0,"52":0,"53":0},"f":{"0":0,"1":0,"2":0,"3":0,"4":0,"5":0,"6":0,"7":0,"8":0,"9":0,"10":0,"11":0,"12":0,"13":0,"14":0,"15":0,"16":0},"b":{"0":[0,0],"1":[0],"2":[0],"3":[0,0],"4":[0],"5":[0,0],"6":[0,0],"7":[0,0],"8":[0,0],"9":[0,0],"10":[0],"11":[0],"12":[0]}}
,"C:\\Users\\artus\\projects\\voft\\voft\\src\\control\\optional.ts": {"path":"C:\\Users\\artus\\projects\\voft\\voft\\src\\control\\optional.ts","statementMap":{"0":{"start":{"line":1,"column":0},"end":{"line":1,"column":13}},"1":{"start":{"line":2,"column":39},"end":{"line":2,"column":55}},"2":{"start":{"line":6,"column":2},"end":{"line":8,"column":null}},"3":{"start":{"line":7,"column":4},"end":{"line":7,"column":24}},"4":{"start":{"line":10,"column":2},"end":{"line":12,"column":null}},"5":{"start":{"line":11,"column":4},"end":{"line":11,"column":23}},"6":{"start":{"line":14,"column":2},"end":{"line":22,"column":null}},"7":{"start":{"line":17,"column":4},"end":{"line":21,"column":null}},"8":{"start":{"line":18,"column":6},"end":{"line":18,"column":48}},"9":{"start":{"line":20,"column":6},"end":{"line":20,"column":44}},"10":{"start":{"line":24,"column":2},"end":{"line":30,"column":null}},"11":{"start":{"line":25,"column":4},"end":{"line":29,"column":null}},"12":{"start":{"line":26,"column":6},"end":{"line":26,"column":25}},"13":{"start":{"line":28,"column":6},"end":{"line":28,"column":63}},"14":{"start":{"line":32,"column":2},"end":{"line":40,"column":null}},"15":{"start":{"line":35,"column":4},"end":{"line":39,"column":null}},"16":{"start":{"line":36,"column":6},"end":{"line":36,"column":25}},"17":{"start":{"line":38,"column":6},"end":{"line":38,"column":24}},"18":{"start":{"line":42,"column":2},"end":{"line":52,"column":null}},"19":{"start":{"line":43,"column":4},"end":{"line":45,"column":null}},"20":{"start":{"line":44,"column":6},"end":{"line":44,"column":18}},"21":{"start":{"line":47,"column":4},"end":{"line":51,"column":null}},"22":{"start":{"line":48,"column":6},"end":{"line":48,"column":25}},"23":{"start":{"line":50,"column":6},"end":{"line":50,"column":78}},"24":{"start":{"line":54,"column":2},"end":{"line":62,"column":null}},"25":{"start":{"line":57,"column":4},"end":{"line":61,"column":null}},"26":{"start":{"line":58,"column":6},"end":{"line":58,"column":18}},"27":{"start":{"line":60,"column":6},"end":{"line":60,"column":40}},"28":{"start":{"line":64,"column":2},"end":{"line":69,"column":null}},"29":{"start":{"line":65,"column":4},"end":{"line":67,"column":null}},"30":{"start":{"line":66,"column":6},"end":{"line":66,"column":28}},"31":{"start":{"line":68,"column":4},"end":{"line":68,"column":16}},"32":{"start":{"line":71,"column":9},"end":{"line":73,"column":null}},"33":{"start":{"line":72,"column":4},"end":{"line":72,"column":36}},"34":{"start":{"line":75,"column":9},"end":{"line":77,"column":null}},"35":{"start":{"line":76,"column":4},"end":{"line":76,"column":31}},"36":{"start":{"line":78,"column":0},"end":{"line":78,"column":null}},"37":{"start":{"line":1,"column":13},"end":{"line":1,"column":21}}},"fnMap":{"0":{"name":"(anonymous_0)","decl":{"start":{"line":1,"column":0},"end":{"line":1,"column":13}},"loc":{"start":{"line":1,"column":0},"end":{"line":78,"column":null}}},"1":{"name":"Optional","decl":{"start":{"line":2,"column":2},"end":{"line":2,"column":39}},"loc":{"start":{"line":2,"column":55},"end":{"line":4,"column":3}}},"2":{"name":"(anonymous_2)","decl":{"start":{"line":6,"column":2},"end":{"line":6,"column":11}},"loc":{"start":{"line":6,"column":2},"end":{"line":8,"column":3}}},"3":{"name":"(anonymous_3)","decl":{"start":{"line":10,"column":2},"end":{"line":10,"column":9}},"loc":{"start":{"line":10,"column":2},"end":{"line":12,"column":3}}},"4":{"name":"(anonymous_4)","decl":{"start":{"line":14,"column":2},"end":{"line":14,"column":5}},"loc":{"start":{"line":15,"column":50},"end":{"line":22,"column":3}}},"5":{"name":"(anonymous_5)","decl":{"start":{"line":24,"column":2},"end":{"line":24,"column":5}},"loc":{"start":{"line":24,"column":2},"end":{"line":30,"column":3}}},"6":{"name":"(anonymous_6)","decl":{"start":{"line":32,"column":2},"end":{"line":32,"column":11}},"loc":{"start":{"line":33,"column":32},"end":{"line":40,"column":3}}},"7":{"name":"(anonymous_7)","decl":{"start":{"line":42,"column":2},"end":{"line":42,"column":16}},"loc":{"start":{"line":45,"column":5},"end":{"line":52,"column":3}}},"8":{"name":"(anonymous_8)","decl":{"start":{"line":43,"column":4},"end":{"line":43,"column":21}},"loc":{"start":{"line":43,"column":33},"end":{"line":45,"column":5}}},"9":{"name":"(anonymous_9)","decl":{"start":{"line":54,"column":2},"end":{"line":54,"column":8}},"loc":{"start":{"line":55,"column":57},"end":{"line":62,"column":3}}},"10":{"name":"(anonymous_10)","decl":{"start":{"line":64,"column":2},"end":{"line":64,"column":11}},"loc":{"start":{"line":64,"column":50},"end":{"line":69,"column":3}}},"11":{"name":"(anonymous_11)","decl":{"start":{"line":71,"column":2},"end":{"line":71,"column":9}},"loc":{"start":{"line":71,"column":2},"end":{"line":73,"column":3}}},"12":{"name":"(anonymous_12)","decl":{"start":{"line":75,"column":2},"end":{"line":75,"column":9}},"loc":{"start":{"line":75,"column":37},"end":{"line":77,"column":3}}}},"branchMap":{"0":{"loc":{"start":{"line":17,"column":4},"end":{"line":21,"column":null}},"type":"if","locations":[{"start":{"line":17,"column":4},"end":{"line":21,"column":null}},{"start":{"line":19,"column":11},"end":{"line":21,"column":null}}]},"1":{"loc":{"start":{"line":25,"column":4},"end":{"line":29,"column":null}},"type":"if","locations":[{"start":{"line":25,"column":4},"end":{"line":29,"column":null}},{"start":{"line":27,"column":11},"end":{"line":29,"column":null}}]},"2":{"loc":{"start":{"line":35,"column":4},"end":{"line":39,"column":null}},"type":"if","locations":[{"start":{"line":35,"column":4},"end":{"line":39,"column":null}},{"start":{"line":37,"column":11},"end":{"line":39,"column":null}}]},"3":{"loc":{"start":{"line":43,"column":4},"end":{"line":45,"column":null}},"type":"if","locations":[{"start":{"line":43,"column":4},"end":{"line":45,"column":null}}]},"4":{"loc":{"start":{"line":47,"column":4},"end":{"line":51,"column":null}},"type":"if","locations":[{"start":{"line":47,"column":4},"end":{"line":51,"column":null}},{"start":{"line":49,"column":11},"end":{"line":51,"column":null}}]},"5":{"loc":{"start":{"line":57,"column":4},"end":{"line":61,"column":null}},"type":"if","locations":[{"start":{"line":57,"column":4},"end":{"line":61,"column":null}},{"start":{"line":59,"column":11},"end":{"line":61,"column":null}}]},"6":{"loc":{"start":{"line":57,"column":8},"end":{"line":57,"column":50}},"type":"binary-expr","locations":[{"start":{"line":57,"column":8},"end":{"line":57,"column":24}},{"start":{"line":57,"column":28},"end":{"line":57,"column":50}}]},"7":{"loc":{"start":{"line":65,"column":4},"end":{"line":67,"column":null}},"type":"if","locations":[{"start":{"line":65,"column":4},"end":{"line":67,"column":null}}]}},"s":{"0":0,"1":0,"2":0,"3":0,"4":0,"5":0,"6":0,"7":0,"8":0,"9":0,"10":0,"11":0,"12":0,"13":0,"14":0,"15":0,"16":0,"17":0,"18":0,"19":0,"20":0,"21":0,"22":0,"23":0,"24":0,"25":0,"26":0,"27":0,"28":0,"29":0,"30":0,"31":0,"32":0,"33":0,"34":0,"35":0,"36":0,"37":0},"f":{"0":0,"1":0,"2":0,"3":0,"4":0,"5":0,"6":0,"7":0,"8":0,"9":0,"10":0,"11":0,"12":0},"b":{"0":[0,0],"1":[0,0],"2":[0,0],"3":[0],"4":[0,0],"5":[0,0],"6":[0,0],"7":[0]}}
,"C:\\Users\\artus\\projects\\voft\\voft\\src\\control\\try.ts": {"path":"C:\\Users\\artus\\projects\\voft\\voft\\src\\control\\try.ts","statementMap":{"0":{"start":{"line":6,"column":0},"end":{"line":6,"column":13}},"1":{"start":{"line":8,"column":21},"end":{"line":8,"column":42}},"2":{"start":{"line":9,"column":21},"end":{"line":9,"column":38}},"3":{"start":{"line":10,"column":21},"end":{"line":10,"column":34}},"4":{"start":{"line":18,"column":2},"end":{"line":20,"column":null}},"5":{"start":{"line":19,"column":4},"end":{"line":19,"column":29}},"6":{"start":{"line":27,"column":2},"end":{"line":29,"column":null}},"7":{"start":{"line":28,"column":4},"end":{"line":28,"column":30}},"8":{"start":{"line":37,"column":2},"end":{"line":45,"column":null}},"9":{"start":{"line":37,"column":2},"end":{"line":37,"column":5}},"10":{"start":{"line":40,"column":4},"end":{"line":44,"column":null}},"11":{"start":{"line":41,"column":6},"end":{"line":41,"column":67}},"12":{"start":{"line":41,"column":41},"end":{"line":41,"column":66}},"13":{"start":{"line":43,"column":6},"end":{"line":43,"column":38}},"14":{"start":{"line":52,"column":2},"end":{"line":58,"column":null}},"15":{"start":{"line":53,"column":4},"end":{"line":57,"column":null}},"16":{"start":{"line":54,"column":6},"end":{"line":54,"column":25}},"17":{"start":{"line":56,"column":6},"end":{"line":56,"column":23}},"18":{"start":{"line":66,"column":2},"end":{"line":74,"column":null}},"19":{"start":{"line":69,"column":4},"end":{"line":73,"column":null}},"20":{"start":{"line":70,"column":6},"end":{"line":70,"column":25}},"21":{"start":{"line":72,"column":6},"end":{"line":72,"column":38}},"22":{"start":{"line":82,"column":2},"end":{"line":88,"column":null}},"23":{"start":{"line":82,"column":17},"end":{"line":82,"column":null}},"24":{"start":{"line":82,"column":58},"end":{"line":82,"column":null}},"25":{"start":{"line":83,"column":4},"end":{"line":87,"column":null}},"26":{"start":{"line":84,"column":6},"end":{"line":84,"column":25}},"27":{"start":{"line":86,"column":6},"end":{"line":86,"column":39}},"28":{"start":{"line":95,"column":2},"end":{"line":101,"column":null}},"29":{"start":{"line":96,"column":4},"end":{"line":100,"column":null}},"30":{"start":{"line":97,"column":6},"end":{"line":97,"column":63}},"31":{"start":{"line":99,"column":6},"end":{"line":99,"column":25}},"32":{"start":{"line":109,"column":2},"end":{"line":118,"column":null}},"33":{"start":{"line":110,"column":4},"end":{"line":116,"column":null}},"34":{"start":{"line":111,"column":6},"end":{"line":115,"column":null}},"35":{"start":{"line":112,"column":8},"end":{"line":112,"column":33}},"36":{"start":{"line":114,"column":8},"end":{"line":114,"column":43}},"37":{"start":{"line":117,"column":4},"end":{"line":117,"column":16}},"38":{"start":{"line":126,"column":2},"end":{"line":136,"column":null}},"39":{"start":{"line":126,"column":2},"end":{"line":126,"column":12}},"40":{"start":{"line":127,"column":4},"end":{"line":135,"column":null}},"41":{"start":{"line":128,"column":6},"end":{"line":128,"column":50}},"42":{"start":{"line":128,"column":37},"end":{"line":128,"column":49}},"43":{"start":{"line":130,"column":6},"end":{"line":134,"column":null}},"44":{"start":{"line":131,"column":8},"end":{"line":131,"column":55}},"45":{"start":{"line":133,"column":8},"end":{"line":133,"column":43}},"46":{"start":{"line":145,"column":9},"end":{"line":152,"column":null}},"47":{"start":{"line":146,"column":4},"end":{"line":151,"column":null}},"48":{"start":{"line":147,"column":21},"end":{"line":147,"column":31}},"49":{"start":{"line":148,"column":6},"end":{"line":148,"column":33}},"50":{"start":{"line":150,"column":6},"end":{"line":150,"column":41}},"51":{"start":{"line":160,"column":9},"end":{"line":162,"column":null}},"52":{"start":{"line":161,"column":4},"end":{"line":161,"column":43}},"53":{"start":{"line":170,"column":9},"end":{"line":172,"column":null}},"54":{"start":{"line":171,"column":4},"end":{"line":171,"column":51}},"55":{"start":{"line":173,"column":0},"end":{"line":173,"column":null}},"56":{"start":{"line":6,"column":13},"end":{"line":6,"column":16}}},"fnMap":{"0":{"name":"(anonymous_0)","decl":{"start":{"line":6,"column":0},"end":{"line":6,"column":13}},"loc":{"start":{"line":6,"column":0},"end":{"line":173,"column":null}}},"1":{"name":"Try","decl":{"start":{"line":7,"column":2},"end":{"line":7,"column":null}},"loc":{"start":{"line":10,"column":34},"end":{"line":11,"column":6}}},"2":{"name":"(anonymous_2)","decl":{"start":{"line":18,"column":2},"end":{"line":18,"column":11}},"loc":{"start":{"line":18,"column":2},"end":{"line":20,"column":3}}},"3":{"name":"(anonymous_3)","decl":{"start":{"line":27,"column":2},"end":{"line":27,"column":11}},"loc":{"start":{"line":27,"column":2},"end":{"line":29,"column":3}}},"4":{"name":"(anonymous_4)","decl":{"start":{"line":37,"column":2},"end":{"line":37,"column":5}},"loc":{"start":{"line":38,"column":54},"end":{"line":45,"column":3}}},"5":{"name":"(anonymous_5)","decl":{"start":{"line":41,"column":35},"end":{"line":41,"column":41}},"loc":{"start":{"line":41,"column":35},"end":{"line":41,"column":52}}},"6":{"name":"(anonymous_6)","decl":{"start":{"line":52,"column":2},"end":{"line":52,"column":5}},"loc":{"start":{"line":52,"column":2},"end":{"line":58,"column":3}}},"7":{"name":"(anonymous_7)","decl":{"start":{"line":66,"column":2},"end":{"line":66,"column":11}},"loc":{"start":{"line":67,"column":50},"end":{"line":74,"column":3}}},"8":{"name":"(anonymous_8)","decl":{"start":{"line":82,"column":2},"end":{"line":82,"column":16}},"loc":{"start":{"line":82,"column":63},"end":{"line":88,"column":3}}},"9":{"name":"(anonymous_9)","decl":{"start":{"line":82,"column":17},"end":{"line":82,"column":34}},"loc":{"start":{"line":82,"column":46},"end":{"line":82,"column":63}}},"10":{"name":"(anonymous_10)","decl":{"start":{"line":95,"column":2},"end":{"line":95,"column":10}},"loc":{"start":{"line":95,"column":2},"end":{"line":101,"column":3}}},"11":{"name":"(anonymous_11)","decl":{"start":{"line":109,"column":2},"end":{"line":109,"column":9}},"loc":{"start":{"line":109,"column":54},"end":{"line":118,"column":3}}},"12":{"name":"(anonymous_12)","decl":{"start":{"line":126,"column":2},"end":{"line":126,"column":12}},"loc":{"start":{"line":126,"column":51},"end":{"line":136,"column":3}}},"13":{"name":"(anonymous_13)","decl":{"start":{"line":128,"column":31},"end":{"line":128,"column":37}},"loc":{"start":{"line":128,"column":31},"end":{"line":128,"column":41}}},"14":{"name":"(anonymous_14)","decl":{"start":{"line":145,"column":2},"end":{"line":145,"column":9}},"loc":{"start":{"line":145,"column":52},"end":{"line":152,"column":3}}},"15":{"name":"(anonymous_15)","decl":{"start":{"line":160,"column":2},"end":{"line":160,"column":9}},"loc":{"start":{"line":160,"column":44},"end":{"line":162,"column":3}}},"16":{"name":"(anonymous_16)","decl":{"start":{"line":170,"column":2},"end":{"line":170,"column":9}},"loc":{"start":{"line":170,"column":29},"end":{"line":172,"column":3}}}},"branchMap":{"0":{"loc":{"start":{"line":40,"column":4},"end":{"line":44,"column":null}},"type":"if","locations":[{"start":{"line":40,"column":4},"end":{"line":44,"column":null}},{"start":{"line":42,"column":11},"end":{"line":44,"column":null}}]},"1":{"loc":{"start":{"line":53,"column":4},"end":{"line":57,"column":null}},"type":"if","locations":[{"start":{"line":53,"column":4},"end":{"line":57,"column":null}},{"start":{"line":55,"column":11},"end":{"line":57,"column":null}}]},"2":{"loc":{"start":{"line":69,"column":4},"end":{"line":73,"column":null}},"type":"if","locations":[{"start":{"line":69,"column":4},"end":{"line":73,"column":null}},{"start":{"line":71,"column":11},"end":{"line":73,"column":null}}]},"3":{"loc":{"start":{"line":82,"column":17},"end":{"line":82,"column":null}},"type":"if","locations":[{"start":{"line":82,"column":17},"end":{"line":82,"column":null}}]},"4":{"loc":{"start":{"line":83,"column":4},"end":{"line":87,"column":null}},"type":"if","locations":[{"start":{"line":83,"column":4},"end":{"line":87,"column":null}},{"start":{"line":85,"column":11},"end":{"line":87,"column":null}}]},"5":{"loc":{"start":{"line":96,"column":4},"end":{"line":100,"column":null}},"type":"if","locations":[{"start":{"line":96,"column":4},"end":{"line":100,"column":null}},{"start":{"line":98,"column":11},"end":{"line":100,"column":null}}]},"6":{"loc":{"start":{"line":110,"column":4},"end":{"line":116,"column":null}},"type":"if","locations":[{"start":{"line":110,"column":4},"end":{"line":116,"column":null}}]},"7":{"loc":{"start":{"line":127,"column":4},"end":{"line":135,"column":null}},"type":"if","locations":[{"start":{"line":127,"column":4},"end":{"line":135,"column":null}},{"start":{"line":129,"column":11},"end":{"line":135,"column":null}}]}},"s":{"0":1,"1":36,"2":36,"3":36,"4":1,"5":44,"6":1,"7":9,"8":1,"9":3,"10":3,"11":2,"12":2,"13":1,"14":1,"15":16,"16":8,"17":8,"18":1,"19":4,"20":1,"21":3,"22":1,"23":6,"24":1,"25":4,"26":1,"27":3,"28":1,"29":3,"30":1,"31":2,"32":1,"33":2,"34":2,"35":2,"36":1,"37":1,"38":1,"39":3,"40":3,"41":1,"42":1,"43":2,"44":2,"45":1,"46":1,"47":5,"48":5,"49":3,"50":2,"51":1,"52":16,"53":1,"54":20,"55":1,"56":1},"f":{"0":1,"1":36,"2":44,"3":9,"4":3,"5":2,"6":16,"7":4,"8":4,"9":1,"10":3,"11":2,"12":3,"13":1,"14":5,"15":16,"16":20},"b":{"0":[2,1],"1":[8,8],"2":[1,3],"3":[2],"4":[1,3],"5":[1,2],"6":[2],"7":[1,2]}}
,"C:\\Users\\artus\\projects\\voft\\voft\\src\\errors\\http-error.ts": {"path":"C:\\Users\\artus\\projects\\voft\\voft\\src\\errors\\http-error.ts","statementMap":{"0":{"start":{"line":1,"column":0},"end":{"line":1,"column":53}},"1":{"start":{"line":2,"column":39},"end":{"line":2,"column":50}},"2":{"start":{"line":4,"column":0},"end":{"line":4,"column":null}},"3":{"start":{"line":4,"column":31},"end":{"line":4,"column":36}},"4":{"start":{"line":7,"column":20},"end":{"line":7,"column":null}},"5":{"start":{"line":9,"column":4},"end":{"line":9,"column":null}},"6":{"start":{"line":6,"column":20},"end":{"line":6,"column":35}},"7":{"start":{"line":7,"column":20},"end":{"line":7,"column":44}},"8":{"start":{"line":18,"column":9},"end":{"line":20,"column":null}},"9":{"start":{"line":18,"column":20},"end":{"line":18,"column":null}},"10":{"start":{"line":19,"column":4},"end":{"line":19,"column":61}},"11":{"start":{"line":27,"column":9},"end":{"line":29,"column":null}},"12":{"start":{"line":27,"column":22},"end":{"line":27,"column":null}},"13":{"start":{"line":28,"column":4},"end":{"line":28,"column":62}},"14":{"start":{"line":37,"column":9},"end":{"line":39,"column":null}},"15":{"start":{"line":37,"column":25},"end":{"line":37,"column":null}},"16":{"start":{"line":38,"column":4},"end":{"line":38,"column":66}},"17":{"start":{"line":47,"column":9},"end":{"line":49,"column":null}},"18":{"start":{"line":47,"column":19},"end":{"line":47,"column":null}},"19":{"start":{"line":48,"column":4},"end":{"line":48,"column":59}},"20":{"start":{"line":57,"column":9},"end":{"line":59,"column":null}},"21":{"start":{"line":57,"column":18},"end":{"line":57,"column":null}},"22":{"start":{"line":58,"column":4},"end":{"line":58,"column":59}},"23":{"start":{"line":67,"column":9},"end":{"line":69,"column":null}},"24":{"start":{"line":67,"column":26},"end":{"line":67,"column":null}},"25":{"start":{"line":68,"column":4},"end":{"line":68,"column":68}},"26":{"start":{"line":77,"column":9},"end":{"line":79,"column":null}},"27":{"start":{"line":77,"column":23},"end":{"line":77,"column":null}},"28":{"start":{"line":78,"column":4},"end":{"line":78,"column":64}},"29":{"start":{"line":87,"column":9},"end":{"line":91,"column":null}},"30":{"start":{"line":88,"column":4},"end":{"line":88,"column":null}},"31":{"start":{"line":90,"column":4},"end":{"line":90,"column":79}},"32":{"start":{"line":99,"column":9},"end":{"line":101,"column":null}},"33":{"start":{"line":99,"column":24},"end":{"line":99,"column":null}},"34":{"start":{"line":100,"column":4},"end":{"line":100,"column":65}},"35":{"start":{"line":109,"column":9},"end":{"line":111,"column":null}},"36":{"start":{"line":109,"column":18},"end":{"line":109,"column":null}},"37":{"start":{"line":110,"column":4},"end":{"line":110,"column":58}},"38":{"start":{"line":119,"column":9},"end":{"line":121,"column":null}},"39":{"start":{"line":119,"column":14},"end":{"line":119,"column":null}},"40":{"start":{"line":120,"column":4},"end":{"line":120,"column":54}},"41":{"start":{"line":129,"column":9},"end":{"line":131,"column":null}},"42":{"start":{"line":129,"column":24},"end":{"line":129,"column":null}},"43":{"start":{"line":130,"column":4},"end":{"line":130,"column":65}},"44":{"start":{"line":139,"column":9},"end":{"line":143,"column":null}},"45":{"start":{"line":140,"column":4},"end":{"line":140,"column":null}},"46":{"start":{"line":142,"column":4},"end":{"line":142,"column":69}},"47":{"start":{"line":151,"column":9},"end":{"line":153,"column":null}},"48":{"start":{"line":151,"column":25},"end":{"line":151,"column":null}},"49":{"start":{"line":152,"column":4},"end":{"line":152,"column":67}},"50":{"start":{"line":161,"column":9},"end":{"line":163,"column":null}},"51":{"start":{"line":161,"column":20},"end":{"line":161,"column":null}},"52":{"start":{"line":162,"column":4},"end":{"line":162,"column":62}},"53":{"start":{"line":171,"column":9},"end":{"line":175,"column":null}},"54":{"start":{"line":172,"column":4},"end":{"line":172,"column":null}},"55":{"start":{"line":174,"column":4},"end":{"line":174,"column":72}},"56":{"start":{"line":183,"column":9},"end":{"line":187,"column":null}},"57":{"start":{"line":184,"column":4},"end":{"line":184,"column":null}},"58":{"start":{"line":186,"column":4},"end":{"line":186,"column":71}},"59":{"start":{"line":195,"column":9},"end":{"line":197,"column":null}},"60":{"start":{"line":195,"column":27},"end":{"line":195,"column":null}},"61":{"start":{"line":196,"column":4},"end":{"line":196,"column":68}},"62":{"start":{"line":205,"column":9},"end":{"line":207,"column":null}},"63":{"start":{"line":205,"column":19},"end":{"line":205,"column":null}},"64":{"start":{"line":206,"column":4},"end":{"line":206,"column":63}},"65":{"start":{"line":215,"column":9},"end":{"line":219,"column":null}},"66":{"start":{"line":216,"column":4},"end":{"line":216,"column":null}},"67":{"start":{"line":218,"column":4},"end":{"line":218,"column":69}},"68":{"start":{"line":227,"column":9},"end":{"line":231,"column":null}},"69":{"start":{"line":228,"column":4},"end":{"line":228,"column":null}},"70":{"start":{"line":230,"column":4},"end":{"line":230,"column":70}},"71":{"start":{"line":239,"column":9},"end":{"line":241,"column":null}},"72":{"start":{"line":239,"column":16},"end":{"line":239,"column":null}},"73":{"start":{"line":240,"column":4},"end":{"line":240,"column":56}},"74":{"start":{"line":249,"column":9},"end":{"line":251,"column":null}},"75":{"start":{"line":249,"column":26},"end":{"line":249,"column":null}},"76":{"start":{"line":250,"column":4},"end":{"line":250,"column":67}},"77":{"start":{"line":259,"column":9},"end":{"line":261,"column":null}},"78":{"start":{"line":259,"column":18},"end":{"line":259,"column":null}},"79":{"start":{"line":260,"column":4},"end":{"line":260,"column":59}},"80":{"start":{"line":269,"column":9},"end":{"line":271,"column":null}},"81":{"start":{"line":269,"column":25},"end":{"line":269,"column":null}},"82":{"start":{"line":270,"column":4},"end":{"line":270,"column":66}},"83":{"start":{"line":279,"column":9},"end":{"line":283,"column":null}},"84":{"start":{"line":280,"column":4},"end":{"line":280,"column":null}},"85":{"start":{"line":282,"column":4},"end":{"line":282,"column":71}},"86":{"start":{"line":291,"column":9},"end":{"line":293,"column":null}},"87":{"start":{"line":291,"column":25},"end":{"line":291,"column":null}},"88":{"start":{"line":292,"column":4},"end":{"line":292,"column":67}},"89":{"start":{"line":301,"column":9},"end":{"line":308,"column":null}},"90":{"start":{"line":302,"column":4},"end":{"line":302,"column":null}},"91":{"start":{"line":304,"column":4},"end":{"line":307,"column":6}},"92":{"start":{"line":316,"column":9},"end":{"line":320,"column":null}},"93":{"start":{"line":317,"column":4},"end":{"line":317,"column":null}},"94":{"start":{"line":319,"column":4},"end":{"line":319,"column":79}},"95":{"start":{"line":328,"column":9},"end":{"line":330,"column":null}},"96":{"start":{"line":328,"column":18},"end":{"line":328,"column":null}},"97":{"start":{"line":329,"column":4},"end":{"line":329,"column":71}},"98":{"start":{"line":338,"column":9},"end":{"line":340,"column":null}},"99":{"start":{"line":338,"column":24},"end":{"line":338,"column":null}},"100":{"start":{"line":339,"column":4},"end":{"line":339,"column":65}},"101":{"start":{"line":348,"column":9},"end":{"line":350,"column":null}},"102":{"start":{"line":348,"column":20},"end":{"line":348,"column":null}},"103":{"start":{"line":349,"column":4},"end":{"line":349,"column":61}},"104":{"start":{"line":358,"column":9},"end":{"line":362,"column":null}},"105":{"start":{"line":359,"column":4},"end":{"line":359,"column":null}},"106":{"start":{"line":361,"column":4},"end":{"line":361,"column":69}},"107":{"start":{"line":370,"column":9},"end":{"line":372,"column":null}},"108":{"start":{"line":370,"column":24},"end":{"line":370,"column":null}},"109":{"start":{"line":371,"column":4},"end":{"line":371,"column":65}},"110":{"start":{"line":380,"column":9},"end":{"line":384,"column":null}},"111":{"start":{"line":381,"column":4},"end":{"line":381,"column":null}},"112":{"start":{"line":383,"column":4},"end":{"line":383,"column":76}},"113":{"start":{"line":392,"column":9},"end":{"line":396,"column":null}},"114":{"start":{"line":393,"column":4},"end":{"line":393,"column":null}},"115":{"start":{"line":395,"column":4},"end":{"line":395,"column":73}},"116":{"start":{"line":404,"column":9},"end":{"line":408,"column":null}},"117":{"start":{"line":405,"column":4},"end":{"line":405,"column":null}},"118":{"start":{"line":407,"column":4},"end":{"line":407,"column":70}},"119":{"start":{"line":416,"column":9},"end":{"line":418,"column":null}},"120":{"start":{"line":416,"column":22},"end":{"line":416,"column":null}},"121":{"start":{"line":417,"column":4},"end":{"line":417,"column":63}},"122":{"start":{"line":426,"column":9},"end":{"line":428,"column":null}},"123":{"start":{"line":426,"column":21},"end":{"line":426,"column":null}},"124":{"start":{"line":427,"column":4},"end":{"line":427,"column":62}},"125":{"start":{"line":436,"column":9},"end":{"line":443,"column":null}},"126":{"start":{"line":437,"column":4},"end":{"line":437,"column":null}},"127":{"start":{"line":439,"column":4},"end":{"line":442,"column":6}},"128":{"start":{"line":452,"column":9},"end":{"line":454,"column":null}},"129":{"start":{"line":452,"column":33},"end":{"line":452,"column":null}},"130":{"start":{"line":453,"column":4},"end":{"line":453,"column":48}},"131":{"start":{"line":463,"column":9},"end":{"line":465,"column":null}},"132":{"start":{"line":463,"column":14},"end":{"line":463,"column":49}},"133":{"start":{"line":463,"column":49},"end":{"line":463,"column":null}},"134":{"start":{"line":464,"column":4},"end":{"line":464,"column":46}},"135":{"start":{"line":467,"column":9},"end":{"line":477,"column":null}},"136":{"start":{"line":468,"column":4},"end":{"line":475,"column":null}},"137":{"start":{"line":469,"column":6},"end":{"line":469,"column":19}},"138":{"start":{"line":470,"column":11},"end":{"line":475,"column":null}},"139":{"start":{"line":471,"column":6},"end":{"line":474,"column":8}},"140":{"start":{"line":476,"column":4},"end":{"line":476,"column":38}},"141":{"start":{"line":478,"column":0},"end":{"line":478,"column":null}},"142":{"start":{"line":4,"column":13},"end":{"line":4,"column":22}}},"fnMap":{"0":{"name":"(anonymous_0)","decl":{"start":{"line":4,"column":0},"end":{"line":4,"column":13}},"loc":{"start":{"line":4,"column":0},"end":{"line":478,"column":null}}},"1":{"name":"HttpError","decl":{"start":{"line":5,"column":2},"end":{"line":5,"column":null}},"loc":{"start":{"line":7,"column":44},"end":{"line":10,"column":3}}},"2":{"name":"(anonymous_2)","decl":{"start":{"line":18,"column":2},"end":{"line":18,"column":9}},"loc":{"start":{"line":18,"column":62},"end":{"line":20,"column":3}}},"3":{"name":"(anonymous_3)","decl":{"start":{"line":27,"column":2},"end":{"line":27,"column":9}},"loc":{"start":{"line":27,"column":65},"end":{"line":29,"column":3}}},"4":{"name":"(anonymous_4)","decl":{"start":{"line":37,"column":2},"end":{"line":37,"column":9}},"loc":{"start":{"line":37,"column":72},"end":{"line":39,"column":3}}},"5":{"name":"(anonymous_5)","decl":{"start":{"line":47,"column":2},"end":{"line":47,"column":9}},"loc":{"start":{"line":47,"column":59},"end":{"line":49,"column":3}}},"6":{"name":"(anonymous_6)","decl":{"start":{"line":57,"column":2},"end":{"line":57,"column":9}},"loc":{"start":{"line":57,"column":58},"end":{"line":59,"column":3}}},"7":{"name":"(anonymous_7)","decl":{"start":{"line":67,"column":2},"end":{"line":67,"column":9}},"loc":{"start":{"line":67,"column":75},"end":{"line":69,"column":3}}},"8":{"name":"(anonymous_8)","decl":{"start":{"line":77,"column":2},"end":{"line":77,"column":9}},"loc":{"start":{"line":77,"column":68},"end":{"line":79,"column":3}}},"9":{"name":"(anonymous_9)","decl":{"start":{"line":87,"column":2},"end":{"line":87,"column":9}},"loc":{"start":{"line":88,"column":64},"end":{"line":91,"column":3}}},"10":{"name":"(anonymous_10)","decl":{"start":{"line":99,"column":2},"end":{"line":99,"column":9}},"loc":{"start":{"line":99,"column":70},"end":{"line":101,"column":3}}},"11":{"name":"(anonymous_11)","decl":{"start":{"line":109,"column":2},"end":{"line":109,"column":9}},"loc":{"start":{"line":109,"column":57},"end":{"line":111,"column":3}}},"12":{"name":"(anonymous_12)","decl":{"start":{"line":119,"column":2},"end":{"line":119,"column":9}},"loc":{"start":{"line":119,"column":49},"end":{"line":121,"column":3}}},"13":{"name":"(anonymous_13)","decl":{"start":{"line":129,"column":2},"end":{"line":129,"column":9}},"loc":{"start":{"line":129,"column":70},"end":{"line":131,"column":3}}},"14":{"name":"(anonymous_14)","decl":{"start":{"line":139,"column":2},"end":{"line":139,"column":9}},"loc":{"start":{"line":140,"column":54},"end":{"line":143,"column":3}}},"15":{"name":"(anonymous_15)","decl":{"start":{"line":151,"column":2},"end":{"line":151,"column":9}},"loc":{"start":{"line":151,"column":73},"end":{"line":153,"column":3}}},"16":{"name":"(anonymous_16)","decl":{"start":{"line":161,"column":2},"end":{"line":161,"column":9}},"loc":{"start":{"line":161,"column":63},"end":{"line":163,"column":3}}},"17":{"name":"(anonymous_17)","decl":{"start":{"line":171,"column":2},"end":{"line":171,"column":9}},"loc":{"start":{"line":172,"column":57},"end":{"line":175,"column":3}}},"18":{"name":"(anonymous_18)","decl":{"start":{"line":183,"column":2},"end":{"line":183,"column":9}},"loc":{"start":{"line":184,"column":56},"end":{"line":187,"column":3}}},"19":{"name":"(anonymous_19)","decl":{"start":{"line":195,"column":2},"end":{"line":195,"column":9}},"loc":{"start":{"line":195,"column":76},"end":{"line":197,"column":3}}},"20":{"name":"(anonymous_20)","decl":{"start":{"line":205,"column":2},"end":{"line":205,"column":9}},"loc":{"start":{"line":205,"column":63},"end":{"line":207,"column":3}}},"21":{"name":"(anonymous_21)","decl":{"start":{"line":215,"column":2},"end":{"line":215,"column":9}},"loc":{"start":{"line":216,"column":54},"end":{"line":219,"column":3}}},"22":{"name":"(anonymous_22)","decl":{"start":{"line":227,"column":2},"end":{"line":227,"column":9}},"loc":{"start":{"line":228,"column":55},"end":{"line":231,"column":3}}},"23":{"name":"(anonymous_23)","decl":{"start":{"line":239,"column":2},"end":{"line":239,"column":9}},"loc":{"start":{"line":239,"column":53},"end":{"line":241,"column":3}}},"24":{"name":"(anonymous_24)","decl":{"start":{"line":249,"column":2},"end":{"line":249,"column":9}},"loc":{"start":{"line":249,"column":74},"end":{"line":251,"column":3}}},"25":{"name":"(anonymous_25)","decl":{"start":{"line":259,"column":2},"end":{"line":259,"column":9}},"loc":{"start":{"line":259,"column":58},"end":{"line":261,"column":3}}},"26":{"name":"(anonymous_26)","decl":{"start":{"line":269,"column":2},"end":{"line":269,"column":9}},"loc":{"start":{"line":269,"column":72},"end":{"line":271,"column":3}}},"27":{"name":"(anonymous_27)","decl":{"start":{"line":279,"column":2},"end":{"line":279,"column":9}},"loc":{"start":{"line":280,"column":56},"end":{"line":283,"column":3}}},"28":{"name":"(anonymous_28)","decl":{"start":{"line":291,"column":2},"end":{"line":291,"column":9}},"loc":{"start":{"line":291,"column":73},"end":{"line":293,"column":3}}},"29":{"name":"(anonymous_29)","decl":{"start":{"line":301,"column":2},"end":{"line":301,"column":9}},"loc":{"start":{"line":302,"column":66},"end":{"line":308,"column":3}}},"30":{"name":"(anonymous_30)","decl":{"start":{"line":316,"column":2},"end":{"line":316,"column":9}},"loc":{"start":{"line":317,"column":64},"end":{"line":320,"column":3}}},"31":{"name":"(anonymous_31)","decl":{"start":{"line":328,"column":2},"end":{"line":328,"column":9}},"loc":{"start":{"line":328,"column":70},"end":{"line":330,"column":3}}},"32":{"name":"(anonymous_32)","decl":{"start":{"line":338,"column":2},"end":{"line":338,"column":9}},"loc":{"start":{"line":338,"column":70},"end":{"line":340,"column":3}}},"33":{"name":"(anonymous_33)","decl":{"start":{"line":348,"column":2},"end":{"line":348,"column":9}},"loc":{"start":{"line":348,"column":62},"end":{"line":350,"column":3}}},"34":{"name":"(anonymous_34)","decl":{"start":{"line":358,"column":2},"end":{"line":358,"column":9}},"loc":{"start":{"line":359,"column":54},"end":{"line":362,"column":3}}},"35":{"name":"(anonymous_35)","decl":{"start":{"line":370,"column":2},"end":{"line":370,"column":9}},"loc":{"start":{"line":370,"column":70},"end":{"line":372,"column":3}}},"36":{"name":"(anonymous_36)","decl":{"start":{"line":380,"column":2},"end":{"line":380,"column":9}},"loc":{"start":{"line":381,"column":61},"end":{"line":384,"column":3}}},"37":{"name":"(anonymous_37)","decl":{"start":{"line":392,"column":2},"end":{"line":392,"column":9}},"loc":{"start":{"line":393,"column":58},"end":{"line":396,"column":3}}},"38":{"name":"(anonymous_38)","decl":{"start":{"line":404,"column":2},"end":{"line":404,"column":9}},"loc":{"start":{"line":405,"column":55},"end":{"line":408,"column":3}}},"39":{"name":"(anonymous_39)","decl":{"start":{"line":416,"column":2},"end":{"line":416,"column":9}},"loc":{"start":{"line":416,"column":66},"end":{"line":418,"column":3}}},"40":{"name":"(anonymous_40)","decl":{"start":{"line":426,"column":2},"end":{"line":426,"column":9}},"loc":{"start":{"line":426,"column":64},"end":{"line":428,"column":3}}},"41":{"name":"(anonymous_41)","decl":{"start":{"line":436,"column":2},"end":{"line":436,"column":9}},"loc":{"start":{"line":437,"column":66},"end":{"line":443,"column":3}}},"42":{"name":"(anonymous_42)","decl":{"start":{"line":452,"column":2},"end":{"line":452,"column":9}},"loc":{"start":{"line":452,"column":49},"end":{"line":454,"column":3}}},"43":{"name":"(anonymous_43)","decl":{"start":{"line":463,"column":2},"end":{"line":463,"column":9}},"loc":{"start":{"line":463,"column":65},"end":{"line":465,"column":3}}},"44":{"name":"(anonymous_44)","decl":{"start":{"line":467,"column":2},"end":{"line":467,"column":9}},"loc":{"start":{"line":467,"column":26},"end":{"line":477,"column":3}}}},"branchMap":{"0":{"loc":{"start":{"line":7,"column":20},"end":{"line":7,"column":null}},"type":"if","locations":[{"start":{"line":7,"column":20},"end":{"line":7,"column":null}}]},"1":{"loc":{"start":{"line":9,"column":4},"end":{"line":9,"column":null}},"type":"binary-expr","locations":[{"start":{"line":9,"column":4},"end":{"line":9,"column":18}},{"start":{"line":9,"column":18},"end":{"line":9,"column":null}}]},"2":{"loc":{"start":{"line":18,"column":20},"end":{"line":18,"column":null}},"type":"if","locations":[{"start":{"line":18,"column":20},"end":{"line":18,"column":null}}]},"3":{"loc":{"start":{"line":27,"column":22},"end":{"line":27,"column":null}},"type":"if","locations":[{"start":{"line":27,"column":22},"end":{"line":27,"column":null}}]},"4":{"loc":{"start":{"line":37,"column":25},"end":{"line":37,"column":null}},"type":"if","locations":[{"start":{"line":37,"column":25},"end":{"line":37,"column":null}}]},"5":{"loc":{"start":{"line":47,"column":19},"end":{"line":47,"column":null}},"type":"if","locations":[{"start":{"line":47,"column":19},"end":{"line":47,"column":null}}]},"6":{"loc":{"start":{"line":57,"column":18},"end":{"line":57,"column":null}},"type":"if","locations":[{"start":{"line":57,"column":18},"end":{"line":57,"column":null}}]},"7":{"loc":{"start":{"line":67,"column":26},"end":{"line":67,"column":null}},"type":"if","locations":[{"start":{"line":67,"column":26},"end":{"line":67,"column":null}}]},"8":{"loc":{"start":{"line":77,"column":23},"end":{"line":77,"column":null}},"type":"if","locations":[{"start":{"line":77,"column":23},"end":{"line":77,"column":null}}]},"9":{"loc":{"start":{"line":88,"column":4},"end":{"line":88,"column":null}},"type":"if","locations":[{"start":{"line":88,"column":4},"end":{"line":88,"column":null}}]},"10":{"loc":{"start":{"line":99,"column":24},"end":{"line":99,"column":null}},"type":"if","locations":[{"start":{"line":99,"column":24},"end":{"line":99,"column":null}}]},"11":{"loc":{"start":{"line":109,"column":18},"end":{"line":109,"column":null}},"type":"if","locations":[{"start":{"line":109,"column":18},"end":{"line":109,"column":null}}]},"12":{"loc":{"start":{"line":119,"column":14},"end":{"line":119,"column":null}},"type":"if","locations":[{"start":{"line":119,"column":14},"end":{"line":119,"column":null}}]},"13":{"loc":{"start":{"line":129,"column":24},"end":{"line":129,"column":null}},"type":"if","locations":[{"start":{"line":129,"column":24},"end":{"line":129,"column":null}}]},"14":{"loc":{"start":{"line":140,"column":4},"end":{"line":140,"column":null}},"type":"if","locations":[{"start":{"line":140,"column":4},"end":{"line":140,"column":null}}]},"15":{"loc":{"start":{"line":151,"column":25},"end":{"line":151,"column":null}},"type":"if","locations":[{"start":{"line":151,"column":25},"end":{"line":151,"column":null}}]},"16":{"loc":{"start":{"line":161,"column":20},"end":{"line":161,"column":null}},"type":"if","locations":[{"start":{"line":161,"column":20},"end":{"line":161,"column":null}}]},"17":{"loc":{"start":{"line":172,"column":4},"end":{"line":172,"column":null}},"type":"if","locations":[{"start":{"line":172,"column":4},"end":{"line":172,"column":null}}]},"18":{"loc":{"start":{"line":184,"column":4},"end":{"line":184,"column":null}},"type":"if","locations":[{"start":{"line":184,"column":4},"end":{"line":184,"column":null}}]},"19":{"loc":{"start":{"line":195,"column":27},"end":{"line":195,"column":null}},"type":"if","locations":[{"start":{"line":195,"column":27},"end":{"line":195,"column":null}}]},"20":{"loc":{"start":{"line":205,"column":19},"end":{"line":205,"column":null}},"type":"if","locations":[{"start":{"line":205,"column":19},"end":{"line":205,"column":null}}]},"21":{"loc":{"start":{"line":216,"column":4},"end":{"line":216,"column":null}},"type":"if","locations":[{"start":{"line":216,"column":4},"end":{"line":216,"column":null}}]},"22":{"loc":{"start":{"line":228,"column":4},"end":{"line":228,"column":null}},"type":"if","locations":[{"start":{"line":228,"column":4},"end":{"line":228,"column":null}}]},"23":{"loc":{"start":{"line":239,"column":16},"end":{"line":239,"column":null}},"type":"if","locations":[{"start":{"line":239,"column":16},"end":{"line":239,"column":null}}]},"24":{"loc":{"start":{"line":249,"column":26},"end":{"line":249,"column":null}},"type":"if","locations":[{"start":{"line":249,"column":26},"end":{"line":249,"column":null}}]},"25":{"loc":{"start":{"line":259,"column":18},"end":{"line":259,"column":null}},"type":"if","locations":[{"start":{"line":259,"column":18},"end":{"line":259,"column":null}}]},"26":{"loc":{"start":{"line":269,"column":25},"end":{"line":269,"column":null}},"type":"if","locations":[{"start":{"line":269,"column":25},"end":{"line":269,"column":null}}]},"27":{"loc":{"start":{"line":280,"column":4},"end":{"line":280,"column":null}},"type":"if","locations":[{"start":{"line":280,"column":4},"end":{"line":280,"column":null}}]},"28":{"loc":{"start":{"line":291,"column":25},"end":{"line":291,"column":null}},"type":"if","locations":[{"start":{"line":291,"column":25},"end":{"line":291,"column":null}}]},"29":{"loc":{"start":{"line":302,"column":4},"end":{"line":302,"column":null}},"type":"if","locations":[{"start":{"line":302,"column":4},"end":{"line":302,"column":null}}]},"30":{"loc":{"start":{"line":317,"column":4},"end":{"line":317,"column":null}},"type":"if","locations":[{"start":{"line":317,"column":4},"end":{"line":317,"column":null}}]},"31":{"loc":{"start":{"line":328,"column":18},"end":{"line":328,"column":null}},"type":"if","locations":[{"start":{"line":328,"column":18},"end":{"line":328,"column":null}}]},"32":{"loc":{"start":{"line":338,"column":24},"end":{"line":338,"column":null}},"type":"if","locations":[{"start":{"line":338,"column":24},"end":{"line":338,"column":null}}]},"33":{"loc":{"start":{"line":348,"column":20},"end":{"line":348,"column":null}},"type":"if","locations":[{"start":{"line":348,"column":20},"end":{"line":348,"column":null}}]},"34":{"loc":{"start":{"line":359,"column":4},"end":{"line":359,"column":null}},"type":"if","locations":[{"start":{"line":359,"column":4},"end":{"line":359,"column":null}}]},"35":{"loc":{"start":{"line":370,"column":24},"end":{"line":370,"column":null}},"type":"if","locations":[{"start":{"line":370,"column":24},"end":{"line":370,"column":null}}]},"36":{"loc":{"start":{"line":381,"column":4},"end":{"line":381,"column":null}},"type":"if","locations":[{"start":{"line":381,"column":4},"end":{"line":381,"column":null}}]},"37":{"loc":{"start":{"line":393,"column":4},"end":{"line":393,"column":null}},"type":"if","locations":[{"start":{"line":393,"column":4},"end":{"line":393,"column":null}}]},"38":{"loc":{"start":{"line":405,"column":4},"end":{"line":405,"column":null}},"type":"if","locations":[{"start":{"line":405,"column":4},"end":{"line":405,"column":null}}]},"39":{"loc":{"start":{"line":416,"column":22},"end":{"line":416,"column":null}},"type":"if","locations":[{"start":{"line":416,"column":22},"end":{"line":416,"column":null}}]},"40":{"loc":{"start":{"line":426,"column":21},"end":{"line":426,"column":null}},"type":"if","locations":[{"start":{"line":426,"column":21},"end":{"line":426,"column":null}}]},"41":{"loc":{"start":{"line":437,"column":4},"end":{"line":437,"column":null}},"type":"if","locations":[{"start":{"line":437,"column":4},"end":{"line":437,"column":null}}]},"42":{"loc":{"start":{"line":452,"column":33},"end":{"line":452,"column":null}},"type":"if","locations":[{"start":{"line":452,"column":33},"end":{"line":452,"column":null}}]},"43":{"loc":{"start":{"line":463,"column":14},"end":{"line":463,"column":49}},"type":"if","locations":[{"start":{"line":463,"column":14},"end":{"line":463,"column":49}}]},"44":{"loc":{"start":{"line":463,"column":49},"end":{"line":463,"column":null}},"type":"if","locations":[{"start":{"line":463,"column":49},"end":{"line":463,"column":null}}]},"45":{"loc":{"start":{"line":468,"column":4},"end":{"line":475,"column":null}},"type":"if","locations":[{"start":{"line":468,"column":4},"end":{"line":475,"column":null}},{"start":{"line":470,"column":11},"end":{"line":475,"column":null}}]},"46":{"loc":{"start":{"line":470,"column":11},"end":{"line":475,"column":null}},"type":"if","locations":[{"start":{"line":470,"column":11},"end":{"line":475,"column":null}}]}},"s":{"0":0,"1":0,"2":0,"3":0,"4":0,"5":0,"6":0,"7":0,"8":0,"9":0,"10":0,"11":0,"12":0,"13":0,"14":0,"15":0,"16":0,"17":0,"18":0,"19":0,"20":0,"21":0,"22":0,"23":0,"24":0,"25":0,"26":0,"27":0,"28":0,"29":0,"30":0,"31":0,"32":0,"33":0,"34":0,"35":0,"36":0,"37":0,"38":0,"39":0,"40":0,"41":0,"42":0,"43":0,"44":0,"45":0,"46":0,"47":0,"48":0,"49":0,"50":0,"51":0,"52":0,"53":0,"54":0,"55":0,"56":0,"57":0,"58":0,"59":0,"60":0,"61":0,"62":0,"63":0,"64":0,"65":0,"66":0,"67":0,"68":0,"69":0,"70":0,"71":0,"72":0,"73":0,"74":0,"75":0,"76":0,"77":0,"78":0,"79":0,"80":0,"81":0,"82":0,"83":0,"84":0,"85":0,"86":0,"87":0,"88":0,"89":0,"90":0,"91":0,"92":0,"93":0,"94":0,"95":0,"96":0,"97":0,"98":0,"99":0,"100":0,"101":0,"102":0,"103":0,"104":0,"105":0,"106":0,"107":0,"108":0,"109":0,"110":0,"111":0,"112":0,"113":0,"114":0,"115":0,"116":0,"117":0,"118":0,"119":0,"120":0,"121":0,"122":0,"123":0,"124":0,"125":0,"126":0,"127":0,"128":0,"129":0,"130":0,"131":0,"132":0,"133":0,"134":0,"135":0,"136":0,"137":0,"138":0,"139":0,"140":0,"141":0,"142":0},"f":{"0":0,"1":0,"2":0,"3":0,"4":0,"5":0,"6":0,"7":0,"8":0,"9":0,"10":0,"11":0,"12":0,"13":0,"14":0,"15":0,"16":0,"17":0,"18":0,"19":0,"20":0,"21":0,"22":0,"23":0,"24":0,"25":0,"26":0,"27":0,"28":0,"29":0,"30":0,"31":0,"32":0,"33":0,"34":0,"35":0,"36":0,"37":0,"38":0,"39":0,"40":0,"41":0,"42":0,"43":0,"44":0},"b":{"0":[0],"1":[0,0],"2":[0],"3":[0],"4":[0],"5":[0],"6":[0],"7":[0],"8":[0],"9":[0],"10":[0],"11":[0],"12":[0],"13":[0],"14":[0],"15":[0],"16":[0],"17":[0],"18":[0],"19":[0],"20":[0],"21":[0],"22":[0],"23":[0],"24":[0],"25":[0],"26":[0],"27":[0],"28":[0],"29":[0],"30":[0],"31":[0],"32":[0],"33":[0],"34":[0],"35":[0],"36":[0],"37":[0],"38":[0],"39":[0],"40":[0],"41":[0],"42":[0],"43":[0],"44":[0],"45":[0,0],"46":[0]}}
}
