TN:
SF:src\index.ts
FN:6,(anonymous_0)
FN:7,(anonymous_1)
FN:8,(anonymous_2)
FNF:3
FNH:0
FNDA:0,(anonymous_0)
FNDA:0,(anonymous_1)
FNDA:0,(anonymous_2)
DA:1,0
DA:2,0
DA:3,0
DA:6,0
DA:7,0
DA:8,0
LF:6
LH:0
BRF:0
BRH:0
end_of_record
TN:
SF:src\constants\http-codes.ts
FNF:0
FNH:0
DA:1,0
LF:1
LH:0
BRF:0
BRH:0
end_of_record
TN:
SF:src\control\either.ts
FN:1,(anonymous_0)
FN:7,(anonymous_1)
FN:9,Either
FN:22,(anonymous_3)
FN:26,(anonymous_4)
FN:30,(anonymous_5)
FN:34,(anonymous_6)
FN:38,(anonymous_7)
FN:46,(anonymous_8)
FN:54,(anonymous_9)
FN:59,(anonymous_10)
FN:63,(anonymous_11)
FN:68,(anonymous_12)
FN:69,ProjectedEither
FN:74,(anonymous_14)
FN:81,(anonymous_15)
FN:89,(anonymous_16)
FNF:17
FNH:0
FNDA:0,(anonymous_0)
FNDA:0,(anonymous_1)
FNDA:0,Either
FNDA:0,(anonymous_3)
FNDA:0,(anonymous_4)
FNDA:0,(anonymous_5)
FNDA:0,(anonymous_6)
FNDA:0,(anonymous_7)
FNDA:0,(anonymous_8)
FNDA:0,(anonymous_9)
FNDA:0,(anonymous_10)
FNDA:0,(anonymous_11)
FNDA:0,(anonymous_12)
FNDA:0,ProjectedEither
FNDA:0,(anonymous_14)
FNDA:0,(anonymous_15)
FNDA:0,(anonymous_16)
DA:1,0
DA:2,0
DA:3,0
DA:4,0
DA:7,0
DA:10,0
DA:11,0
DA:12,0
DA:14,0
DA:15,0
DA:17,0
DA:18,0
DA:22,0
DA:23,0
DA:26,0
DA:27,0
DA:30,0
DA:31,0
DA:34,0
DA:35,0
DA:38,0
DA:39,0
DA:40,0
DA:42,0
DA:46,0
DA:47,0
DA:48,0
DA:50,0
DA:54,0
DA:55,0
DA:56,0
DA:59,0
DA:60,0
DA:63,0
DA:64,0
DA:66,0
DA:68,0
DA:70,0
DA:71,0
DA:74,0
DA:75,0
DA:76,0
DA:78,0
DA:81,0
DA:82,0
DA:83,0
DA:86,0
DA:89,0
DA:90,0
DA:91,0
DA:94,0
DA:96,0
LF:52
LH:0
BRDA:1,0,0,0
BRDA:1,0,1,0
BRDA:10,1,0,0
BRDA:14,2,0,0
BRDA:14,3,0,0
BRDA:14,3,1,0
BRDA:17,4,0,0
BRDA:17,5,0,0
BRDA:17,5,1,0
BRDA:39,6,0,0
BRDA:39,6,1,0
BRDA:47,7,0,0
BRDA:47,7,1,0
BRDA:55,8,0,0
BRDA:55,8,1,0
BRDA:55,9,0,0
BRDA:55,9,1,0
BRDA:75,10,0,0
BRDA:82,11,0,0
BRDA:90,12,0,0
BRF:20
BRH:0
end_of_record
TN:
SF:src\control\try.ts
FN:1,(anonymous_0)
FN:3,Try
FN:18,(anonymous_2)
FN:27,(anonymous_3)
FN:37,(anonymous_4)
FN:39,(anonymous_5)
FN:50,(anonymous_6)
FN:64,(anonymous_7)
FN:78,(anonymous_8)
FN:78,(anonymous_9)
FN:91,(anonymous_10)
FN:105,(anonymous_11)
FN:122,(anonymous_12)
FN:141,(anonymous_13)
FN:158,(anonymous_14)
FN:168,(anonymous_15)
FNF:16
FNH:16
FNDA:1,(anonymous_0)
FNDA:36,Try
FNDA:44,(anonymous_2)
FNDA:9,(anonymous_3)
FNDA:3,(anonymous_4)
FNDA:2,(anonymous_5)
FNDA:16,(anonymous_6)
FNDA:4,(anonymous_7)
FNDA:4,(anonymous_8)
FNDA:1,(anonymous_9)
FNDA:3,(anonymous_10)
FNDA:2,(anonymous_11)
FNDA:3,(anonymous_12)
FNDA:4,(anonymous_13)
FNDA:16,(anonymous_14)
FNDA:17,(anonymous_15)
DA:1,1
DA:4,36
DA:5,36
DA:6,36
DA:8,36
DA:9,0
DA:18,1
DA:19,44
DA:27,1
DA:28,9
DA:37,3
DA:38,3
DA:39,2
DA:41,1
DA:50,1
DA:51,16
DA:52,8
DA:54,8
DA:64,1
DA:65,4
DA:66,1
DA:68,3
DA:78,6
DA:79,4
DA:80,1
DA:82,3
DA:91,1
DA:92,3
DA:93,1
DA:95,2
DA:105,1
DA:106,2
DA:107,2
DA:108,2
DA:110,1
DA:113,1
DA:122,1
DA:123,3
DA:124,1
DA:126,2
DA:127,2
DA:129,1
DA:141,1
DA:144,4
DA:145,4
DA:146,2
DA:148,2
DA:158,1
DA:159,16
DA:168,1
DA:169,17
DA:171,1
LF:52
LH:51
BRDA:8,0,0,0
BRDA:8,1,0,36
BRDA:8,1,1,15
BRDA:38,2,0,2
BRDA:38,2,1,1
BRDA:51,3,0,8
BRDA:51,3,1,8
BRDA:65,4,0,1
BRDA:65,4,1,3
BRDA:78,5,0,2
BRDA:79,6,0,1
BRDA:79,6,1,3
BRDA:92,7,0,1
BRDA:92,7,1,2
BRDA:106,8,0,2
BRDA:123,9,0,1
BRDA:123,9,1,2
BRF:17
BRH:16
end_of_record
TN:
SF:src\errors\http-error.ts
FN:4,(anonymous_0)
FN:7,HttpError
FN:20,(anonymous_2)
FN:29,(anonymous_3)
FN:39,(anonymous_4)
FN:49,(anonymous_5)
FN:59,(anonymous_6)
FN:69,(anonymous_7)
FN:79,(anonymous_8)
FN:89,(anonymous_9)
FN:99,(anonymous_10)
FN:109,(anonymous_11)
FN:119,(anonymous_12)
FN:129,(anonymous_13)
FN:139,(anonymous_14)
FN:149,(anonymous_15)
FN:159,(anonymous_16)
FN:169,(anonymous_17)
FN:179,(anonymous_18)
FN:189,(anonymous_19)
FN:199,(anonymous_20)
FN:209,(anonymous_21)
FN:219,(anonymous_22)
FN:229,(anonymous_23)
FN:239,(anonymous_24)
FN:249,(anonymous_25)
FN:259,(anonymous_26)
FN:269,(anonymous_27)
FN:279,(anonymous_28)
FN:289,(anonymous_29)
FN:299,(anonymous_30)
FN:309,(anonymous_31)
FN:319,(anonymous_32)
FN:329,(anonymous_33)
FN:339,(anonymous_34)
FN:349,(anonymous_35)
FN:359,(anonymous_36)
FN:369,(anonymous_37)
FN:379,(anonymous_38)
FN:389,(anonymous_39)
FN:399,(anonymous_40)
FN:409,(anonymous_41)
FN:420,(anonymous_42)
FN:431,(anonymous_43)
FN:435,(anonymous_44)
FNF:45
FNH:0
FNDA:0,(anonymous_0)
FNDA:0,HttpError
FNDA:0,(anonymous_2)
FNDA:0,(anonymous_3)
FNDA:0,(anonymous_4)
FNDA:0,(anonymous_5)
FNDA:0,(anonymous_6)
FNDA:0,(anonymous_7)
FNDA:0,(anonymous_8)
FNDA:0,(anonymous_9)
FNDA:0,(anonymous_10)
FNDA:0,(anonymous_11)
FNDA:0,(anonymous_12)
FNDA:0,(anonymous_13)
FNDA:0,(anonymous_14)
FNDA:0,(anonymous_15)
FNDA:0,(anonymous_16)
FNDA:0,(anonymous_17)
FNDA:0,(anonymous_18)
FNDA:0,(anonymous_19)
FNDA:0,(anonymous_20)
FNDA:0,(anonymous_21)
FNDA:0,(anonymous_22)
FNDA:0,(anonymous_23)
FNDA:0,(anonymous_24)
FNDA:0,(anonymous_25)
FNDA:0,(anonymous_26)
FNDA:0,(anonymous_27)
FNDA:0,(anonymous_28)
FNDA:0,(anonymous_29)
FNDA:0,(anonymous_30)
FNDA:0,(anonymous_31)
FNDA:0,(anonymous_32)
FNDA:0,(anonymous_33)
FNDA:0,(anonymous_34)
FNDA:0,(anonymous_35)
FNDA:0,(anonymous_36)
FNDA:0,(anonymous_37)
FNDA:0,(anonymous_38)
FNDA:0,(anonymous_39)
FNDA:0,(anonymous_40)
FNDA:0,(anonymous_41)
FNDA:0,(anonymous_42)
FNDA:0,(anonymous_43)
FNDA:0,(anonymous_44)
DA:1,0
DA:2,0
DA:4,0
DA:8,0
DA:9,0
DA:11,0
DA:20,0
DA:21,0
DA:29,0
DA:30,0
DA:39,0
DA:40,0
DA:49,0
DA:50,0
DA:59,0
DA:60,0
DA:69,0
DA:70,0
DA:79,0
DA:80,0
DA:89,0
DA:90,0
DA:99,0
DA:100,0
DA:109,0
DA:110,0
DA:119,0
DA:120,0
DA:129,0
DA:130,0
DA:139,0
DA:140,0
DA:149,0
DA:150,0
DA:159,0
DA:160,0
DA:169,0
DA:170,0
DA:179,0
DA:180,0
DA:189,0
DA:190,0
DA:199,0
DA:200,0
DA:209,0
DA:210,0
DA:219,0
DA:220,0
DA:229,0
DA:230,0
DA:239,0
DA:240,0
DA:249,0
DA:250,0
DA:259,0
DA:260,0
DA:269,0
DA:270,0
DA:279,0
DA:280,0
DA:289,0
DA:290,0
DA:299,0
DA:300,0
DA:309,0
DA:310,0
DA:319,0
DA:320,0
DA:329,0
DA:330,0
DA:339,0
DA:340,0
DA:349,0
DA:350,0
DA:359,0
DA:360,0
DA:369,0
DA:370,0
DA:379,0
DA:380,0
DA:389,0
DA:390,0
DA:399,0
DA:400,0
DA:409,0
DA:410,0
DA:420,0
DA:421,0
DA:431,0
DA:432,0
DA:435,0
DA:436,0
DA:437,0
DA:438,0
DA:439,0
DA:441,0
DA:443,0
LF:97
LH:0
BRDA:9,0,0,0
BRDA:11,1,0,0
BRDA:11,1,1,0
BRDA:20,2,0,0
BRDA:29,3,0,0
BRDA:39,4,0,0
BRDA:49,5,0,0
BRDA:59,6,0,0
BRDA:69,7,0,0
BRDA:79,8,0,0
BRDA:89,9,0,0
BRDA:99,10,0,0
BRDA:109,11,0,0
BRDA:119,12,0,0
BRDA:129,13,0,0
BRDA:139,14,0,0
BRDA:149,15,0,0
BRDA:159,16,0,0
BRDA:169,17,0,0
BRDA:179,18,0,0
BRDA:189,19,0,0
BRDA:199,20,0,0
BRDA:209,21,0,0
BRDA:219,22,0,0
BRDA:229,23,0,0
BRDA:239,24,0,0
BRDA:249,25,0,0
BRDA:259,26,0,0
BRDA:269,27,0,0
BRDA:279,28,0,0
BRDA:289,29,0,0
BRDA:299,30,0,0
BRDA:309,31,0,0
BRDA:319,32,0,0
BRDA:329,33,0,0
BRDA:339,34,0,0
BRDA:349,35,0,0
BRDA:359,36,0,0
BRDA:369,37,0,0
BRDA:379,38,0,0
BRDA:389,39,0,0
BRDA:399,40,0,0
BRDA:409,41,0,0
BRDA:420,42,0,0
BRDA:431,43,0,0
BRDA:431,44,0,0
BRDA:436,45,0,0
BRDA:436,45,1,0
BRDA:438,46,0,0
BRF:49
BRH:0
end_of_record
