TN:
SF:src\index.ts
FN:5,(anonymous_0)
FN:5,(anonymous_1)
FN:5,(anonymous_2)
FNF:3
FNH:0
FNDA:0,(anonymous_0)
FNDA:0,(anonymous_1)
FNDA:0,(anonymous_2)
DA:1,0
DA:2,0
DA:3,0
DA:5,0
LF:4
LH:0
BRF:0
BRH:0
end_of_record
TN:
SF:src\constants\http-codes.ts
FNF:0
FNH:0
DA:1,0
LF:1
LH:0
BRF:0
BRH:0
end_of_record
TN:
SF:src\control\async-try.ts
FN:6,(anonymous_0)
FN:9,AsyncTry
FN:14,(anonymous_2)
FN:21,(anonymous_3)
FN:25,(anonymous_4)
FN:44,(anonymous_7)
FN:49,(anonymous_10)
FN:57,(anonymous_13)
FN:71,(anonymous_16)
FN:72,(anonymous_17)
FN:81,(anonymous_20)
FN:89,(anonymous_23)
FN:92,(anonymous_24)
FN:103,(anonymous_25)
FN:108,(anonymous_26)
FN:112,(anonymous_27)
FN:116,(anonymous_28)
FNF:17
FNH:17
FNDA:1,(anonymous_0)
FNDA:60,AsyncTry
FNDA:20,(anonymous_2)
FNDA:19,(anonymous_3)
FNDA:62,(anonymous_4)
FNDA:8,(anonymous_7)
FNDA:16,(anonymous_10)
FNDA:4,(anonymous_13)
FNDA:3,(anonymous_16)
FNDA:1,(anonymous_17)
FNDA:5,(anonymous_20)
FNDA:12,(anonymous_23)
FNDA:1,(anonymous_24)
FNDA:7,(anonymous_25)
FNDA:2,(anonymous_26)
FNDA:1,(anonymous_27)
FNDA:46,(anonymous_28)
DA:6,1
DA:10,60
DA:11,60
DA:14,1
DA:17,20
DA:18,1
DA:20,19
DA:21,19
DA:25,1
DA:26,62
DA:27,7
DA:30,86
DA:31,24
DA:34,31
DA:35,16
DA:36,16
DA:38,15
DA:39,15
DA:44,1
DA:45,8
DA:46,8
DA:49,1
DA:50,16
DA:51,11
DA:53,5
DA:57,1
DA:60,6
DA:61,2
DA:64,2
DA:66,1
DA:71,1
DA:72,5
DA:74,3
DA:75,1
DA:77,2
DA:81,1
DA:82,5
DA:83,1
DA:85,4
DA:89,12
DA:90,12
DA:91,1
DA:92,1
DA:94,1
DA:97,11
DA:98,1
DA:100,10
DA:101,10
DA:103,7
DA:104,10
DA:108,1
DA:109,2
DA:112,1
DA:113,1
DA:116,1
DA:117,46
DA:119,1
LF:57
LH:57
BRDA:17,0,0,1
BRDA:17,0,1,19
BRDA:26,1,0,7
BRDA:30,2,0,31
BRDA:30,3,0,55
BRDA:30,3,1,55
BRDA:45,4,0,8
BRDA:50,5,0,16
BRDA:50,6,0,11
BRDA:50,6,1,5
BRDA:64,7,0,2
BRDA:60,8,0,2
BRDA:72,9,0,2
BRDA:74,10,0,3
BRDA:74,11,0,1
BRDA:74,11,1,2
BRDA:82,12,0,5
BRDA:82,13,0,1
BRDA:82,13,1,4
BRDA:90,14,0,1
BRDA:97,15,0,1
BRDA:97,15,1,10
BRF:22
BRH:22
end_of_record
TN:
SF:src\control\either.ts
FN:1,(anonymous_0)
FN:7,(anonymous_1)
FN:8,Either
FN:25,(anonymous_3)
FN:29,(anonymous_4)
FN:33,(anonymous_5)
FN:37,(anonymous_6)
FN:41,(anonymous_7)
FN:49,(anonymous_8)
FN:57,(anonymous_9)
FN:67,(anonymous_10)
FN:71,(anonymous_11)
FN:76,(anonymous_12)
FN:77,ProjectedEither
FN:82,(anonymous_14)
FN:95,(anonymous_15)
FN:103,(anonymous_16)
FNF:17
FNH:0
FNDA:0,(anonymous_0)
FNDA:0,(anonymous_1)
FNDA:0,Either
FNDA:0,(anonymous_3)
FNDA:0,(anonymous_4)
FNDA:0,(anonymous_5)
FNDA:0,(anonymous_6)
FNDA:0,(anonymous_7)
FNDA:0,(anonymous_8)
FNDA:0,(anonymous_9)
FNDA:0,(anonymous_10)
FNDA:0,(anonymous_11)
FNDA:0,(anonymous_12)
FNDA:0,ProjectedEither
FNDA:0,(anonymous_14)
FNDA:0,(anonymous_15)
FNDA:0,(anonymous_16)
DA:1,0
DA:2,0
DA:3,0
DA:4,0
DA:7,0
DA:9,0
DA:10,0
DA:11,0
DA:13,0
DA:14,0
DA:18,0
DA:19,0
DA:25,0
DA:26,0
DA:29,0
DA:30,0
DA:33,0
DA:34,0
DA:37,0
DA:38,0
DA:41,0
DA:42,0
DA:43,0
DA:45,0
DA:49,0
DA:50,0
DA:51,0
DA:53,0
DA:57,0
DA:59,0
DA:64,0
DA:67,0
DA:68,0
DA:71,0
DA:72,0
DA:74,0
DA:76,0
DA:78,0
DA:79,0
DA:82,0
DA:87,0
DA:88,0
DA:92,0
DA:95,0
DA:96,0
DA:97,0
DA:100,0
DA:103,0
DA:106,0
DA:107,0
DA:110,0
DA:112,0
LF:52
LH:0
BRDA:1,0,0,0
BRDA:1,0,1,0
BRDA:9,1,0,0
BRDA:13,2,0,0
BRDA:13,3,0,0
BRDA:13,3,1,0
BRDA:18,4,0,0
BRDA:18,5,0,0
BRDA:18,5,1,0
BRDA:42,6,0,0
BRDA:42,6,1,0
BRDA:50,7,0,0
BRDA:50,7,1,0
BRDA:59,8,0,0
BRDA:59,8,1,0
BRDA:61,9,0,0
BRDA:61,9,1,0
BRDA:87,10,0,0
BRDA:96,11,0,0
BRDA:106,12,0,0
BRF:20
BRH:0
end_of_record
TN:
SF:src\control\optional.ts
FN:1,(anonymous_0)
FN:2,Optional
FN:6,(anonymous_2)
FN:10,(anonymous_3)
FN:14,(anonymous_4)
FN:24,(anonymous_5)
FN:32,(anonymous_6)
FN:42,(anonymous_7)
FN:43,(anonymous_8)
FN:54,(anonymous_9)
FN:64,(anonymous_10)
FN:71,(anonymous_11)
FN:75,(anonymous_12)
FNF:13
FNH:0
FNDA:0,(anonymous_0)
FNDA:0,Optional
FNDA:0,(anonymous_2)
FNDA:0,(anonymous_3)
FNDA:0,(anonymous_4)
FNDA:0,(anonymous_5)
FNDA:0,(anonymous_6)
FNDA:0,(anonymous_7)
FNDA:0,(anonymous_8)
FNDA:0,(anonymous_9)
FNDA:0,(anonymous_10)
FNDA:0,(anonymous_11)
FNDA:0,(anonymous_12)
DA:1,0
DA:2,0
DA:6,0
DA:7,0
DA:10,0
DA:11,0
DA:14,0
DA:17,0
DA:18,0
DA:20,0
DA:24,0
DA:25,0
DA:26,0
DA:28,0
DA:32,0
DA:35,0
DA:36,0
DA:38,0
DA:42,0
DA:43,0
DA:44,0
DA:47,0
DA:48,0
DA:50,0
DA:54,0
DA:57,0
DA:58,0
DA:60,0
DA:64,0
DA:65,0
DA:66,0
DA:68,0
DA:71,0
DA:72,0
DA:75,0
DA:76,0
DA:78,0
LF:37
LH:0
BRDA:17,0,0,0
BRDA:17,0,1,0
BRDA:25,1,0,0
BRDA:25,1,1,0
BRDA:35,2,0,0
BRDA:35,2,1,0
BRDA:43,3,0,0
BRDA:47,4,0,0
BRDA:47,4,1,0
BRDA:57,5,0,0
BRDA:57,5,1,0
BRDA:57,6,0,0
BRDA:57,6,1,0
BRDA:65,7,0,0
BRF:14
BRH:0
end_of_record
TN:
SF:src\control\try.ts
FN:6,(anonymous_0)
FN:7,Try
FN:18,(anonymous_2)
FN:27,(anonymous_3)
FN:37,(anonymous_4)
FN:41,(anonymous_5)
FN:52,(anonymous_6)
FN:66,(anonymous_7)
FN:82,(anonymous_8)
FN:82,(anonymous_9)
FN:95,(anonymous_10)
FN:109,(anonymous_11)
FN:126,(anonymous_12)
FN:128,(anonymous_13)
FN:145,(anonymous_14)
FN:160,(anonymous_15)
FN:170,(anonymous_16)
FNF:17
FNH:17
FNDA:1,(anonymous_0)
FNDA:36,Try
FNDA:44,(anonymous_2)
FNDA:9,(anonymous_3)
FNDA:3,(anonymous_4)
FNDA:2,(anonymous_5)
FNDA:16,(anonymous_6)
FNDA:4,(anonymous_7)
FNDA:4,(anonymous_8)
FNDA:1,(anonymous_9)
FNDA:3,(anonymous_10)
FNDA:2,(anonymous_11)
FNDA:3,(anonymous_12)
FNDA:1,(anonymous_13)
FNDA:5,(anonymous_14)
FNDA:16,(anonymous_15)
FNDA:20,(anonymous_16)
DA:6,1
DA:8,36
DA:9,36
DA:10,36
DA:18,1
DA:19,44
DA:27,1
DA:28,9
DA:37,3
DA:40,3
DA:41,2
DA:43,1
DA:52,1
DA:53,16
DA:54,8
DA:56,8
DA:66,1
DA:69,4
DA:70,1
DA:72,3
DA:82,6
DA:83,4
DA:84,1
DA:86,3
DA:95,1
DA:96,3
DA:97,1
DA:99,2
DA:109,1
DA:110,2
DA:111,2
DA:112,2
DA:114,1
DA:117,1
DA:126,3
DA:127,3
DA:128,1
DA:130,2
DA:131,2
DA:133,1
DA:145,1
DA:146,5
DA:147,5
DA:148,3
DA:150,2
DA:160,1
DA:161,16
DA:170,1
DA:171,20
DA:173,1
LF:50
LH:50
BRDA:40,0,0,2
BRDA:40,0,1,1
BRDA:53,1,0,8
BRDA:53,1,1,8
BRDA:69,2,0,1
BRDA:69,2,1,3
BRDA:82,3,0,2
BRDA:83,4,0,1
BRDA:83,4,1,3
BRDA:96,5,0,1
BRDA:96,5,1,2
BRDA:110,6,0,2
BRDA:127,7,0,1
BRDA:127,7,1,2
BRF:14
BRH:14
end_of_record
TN:
SF:src\errors\http-error.ts
FN:4,(anonymous_0)
FN:5,HttpError
FN:18,(anonymous_2)
FN:27,(anonymous_3)
FN:37,(anonymous_4)
FN:47,(anonymous_5)
FN:57,(anonymous_6)
FN:67,(anonymous_7)
FN:77,(anonymous_8)
FN:87,(anonymous_9)
FN:99,(anonymous_10)
FN:109,(anonymous_11)
FN:119,(anonymous_12)
FN:129,(anonymous_13)
FN:139,(anonymous_14)
FN:151,(anonymous_15)
FN:161,(anonymous_16)
FN:171,(anonymous_17)
FN:183,(anonymous_18)
FN:195,(anonymous_19)
FN:205,(anonymous_20)
FN:215,(anonymous_21)
FN:227,(anonymous_22)
FN:239,(anonymous_23)
FN:249,(anonymous_24)
FN:259,(anonymous_25)
FN:269,(anonymous_26)
FN:279,(anonymous_27)
FN:291,(anonymous_28)
FN:301,(anonymous_29)
FN:316,(anonymous_30)
FN:328,(anonymous_31)
FN:338,(anonymous_32)
FN:348,(anonymous_33)
FN:358,(anonymous_34)
FN:370,(anonymous_35)
FN:380,(anonymous_36)
FN:392,(anonymous_37)
FN:404,(anonymous_38)
FN:416,(anonymous_39)
FN:426,(anonymous_40)
FN:436,(anonymous_41)
FN:452,(anonymous_42)
FN:463,(anonymous_43)
FN:467,(anonymous_44)
FNF:45
FNH:0
FNDA:0,(anonymous_0)
FNDA:0,HttpError
FNDA:0,(anonymous_2)
FNDA:0,(anonymous_3)
FNDA:0,(anonymous_4)
FNDA:0,(anonymous_5)
FNDA:0,(anonymous_6)
FNDA:0,(anonymous_7)
FNDA:0,(anonymous_8)
FNDA:0,(anonymous_9)
FNDA:0,(anonymous_10)
FNDA:0,(anonymous_11)
FNDA:0,(anonymous_12)
FNDA:0,(anonymous_13)
FNDA:0,(anonymous_14)
FNDA:0,(anonymous_15)
FNDA:0,(anonymous_16)
FNDA:0,(anonymous_17)
FNDA:0,(anonymous_18)
FNDA:0,(anonymous_19)
FNDA:0,(anonymous_20)
FNDA:0,(anonymous_21)
FNDA:0,(anonymous_22)
FNDA:0,(anonymous_23)
FNDA:0,(anonymous_24)
FNDA:0,(anonymous_25)
FNDA:0,(anonymous_26)
FNDA:0,(anonymous_27)
FNDA:0,(anonymous_28)
FNDA:0,(anonymous_29)
FNDA:0,(anonymous_30)
FNDA:0,(anonymous_31)
FNDA:0,(anonymous_32)
FNDA:0,(anonymous_33)
FNDA:0,(anonymous_34)
FNDA:0,(anonymous_35)
FNDA:0,(anonymous_36)
FNDA:0,(anonymous_37)
FNDA:0,(anonymous_38)
FNDA:0,(anonymous_39)
FNDA:0,(anonymous_40)
FNDA:0,(anonymous_41)
FNDA:0,(anonymous_42)
FNDA:0,(anonymous_43)
FNDA:0,(anonymous_44)
DA:1,0
DA:2,0
DA:4,0
DA:6,0
DA:7,0
DA:9,0
DA:18,0
DA:19,0
DA:27,0
DA:28,0
DA:37,0
DA:38,0
DA:47,0
DA:48,0
DA:57,0
DA:58,0
DA:67,0
DA:68,0
DA:77,0
DA:78,0
DA:87,0
DA:88,0
DA:90,0
DA:99,0
DA:100,0
DA:109,0
DA:110,0
DA:119,0
DA:120,0
DA:129,0
DA:130,0
DA:139,0
DA:140,0
DA:142,0
DA:151,0
DA:152,0
DA:161,0
DA:162,0
DA:171,0
DA:172,0
DA:174,0
DA:183,0
DA:184,0
DA:186,0
DA:195,0
DA:196,0
DA:205,0
DA:206,0
DA:215,0
DA:216,0
DA:218,0
DA:227,0
DA:228,0
DA:230,0
DA:239,0
DA:240,0
DA:249,0
DA:250,0
DA:259,0
DA:260,0
DA:269,0
DA:270,0
DA:279,0
DA:280,0
DA:282,0
DA:291,0
DA:292,0
DA:301,0
DA:302,0
DA:304,0
DA:316,0
DA:317,0
DA:319,0
DA:328,0
DA:329,0
DA:338,0
DA:339,0
DA:348,0
DA:349,0
DA:358,0
DA:359,0
DA:361,0
DA:370,0
DA:371,0
DA:380,0
DA:381,0
DA:383,0
DA:392,0
DA:393,0
DA:395,0
DA:404,0
DA:405,0
DA:407,0
DA:416,0
DA:417,0
DA:426,0
DA:427,0
DA:436,0
DA:437,0
DA:439,0
DA:452,0
DA:453,0
DA:463,0
DA:464,0
DA:467,0
DA:468,0
DA:469,0
DA:470,0
DA:471,0
DA:476,0
DA:478,0
LF:111
LH:0
BRDA:7,0,0,0
BRDA:9,1,0,0
BRDA:9,1,1,0
BRDA:18,2,0,0
BRDA:27,3,0,0
BRDA:37,4,0,0
BRDA:47,5,0,0
BRDA:57,6,0,0
BRDA:67,7,0,0
BRDA:77,8,0,0
BRDA:88,9,0,0
BRDA:99,10,0,0
BRDA:109,11,0,0
BRDA:119,12,0,0
BRDA:129,13,0,0
BRDA:140,14,0,0
BRDA:151,15,0,0
BRDA:161,16,0,0
BRDA:172,17,0,0
BRDA:184,18,0,0
BRDA:195,19,0,0
BRDA:205,20,0,0
BRDA:216,21,0,0
BRDA:228,22,0,0
BRDA:239,23,0,0
BRDA:249,24,0,0
BRDA:259,25,0,0
BRDA:269,26,0,0
BRDA:280,27,0,0
BRDA:291,28,0,0
BRDA:302,29,0,0
BRDA:317,30,0,0
BRDA:328,31,0,0
BRDA:338,32,0,0
BRDA:348,33,0,0
BRDA:359,34,0,0
BRDA:370,35,0,0
BRDA:381,36,0,0
BRDA:393,37,0,0
BRDA:405,38,0,0
BRDA:416,39,0,0
BRDA:426,40,0,0
BRDA:437,41,0,0
BRDA:452,42,0,0
BRDA:463,43,0,0
BRDA:463,44,0,0
BRDA:468,45,0,0
BRDA:468,45,1,0
BRDA:470,46,0,0
BRF:49
BRH:0
end_of_record
